{"/home/travis/build/npmtest/node-npmtest-shrinkpack/test.js":{"path":"/home/travis/build/npmtest/node-npmtest-shrinkpack/test.js","s":{"1":2,"2":2,"3":2,"4":2,"5":2,"6":2,"7":2,"8":1,"9":2,"10":2,"11":1,"12":1,"13":1,"14":1,"15":2,"16":2,"17":2,"18":2,"19":1,"20":1,"21":2,"22":2,"23":2,"24":1,"25":1,"26":1,"27":1,"28":1,"29":1,"30":1,"31":1,"32":1,"33":1,"34":1,"35":1,"36":1,"37":1,"38":1,"39":2,"40":2,"41":1,"42":2,"43":2,"44":1,"45":2,"46":2,"47":1,"48":2,"49":2,"50":1,"51":1,"52":1,"53":1,"54":1},"b":{"1":[2,1,1,1],"2":[1,1,1,1],"3":[1,1],"4":[1,1],"5":[1,1],"6":[1,1],"7":[1,1],"8":[1,1],"9":[1,1],"10":[1,1,1],"11":[1,1],"12":[1,1],"13":[1,1],"14":[1,1],"15":[1,1],"16":[1,1],"17":[1,1]},"f":{"1":2,"2":2,"3":2,"4":2,"5":2,"6":1,"7":1,"8":1,"9":2,"10":2,"11":2,"12":2,"13":1},"fnMap":{"1":{"name":"(anonymous_1)","line":12,"loc":{"start":{"line":12,"column":1},"end":{"line":12,"column":13}}},"2":{"name":"(anonymous_2)","line":19,"loc":{"start":{"line":19,"column":5},"end":{"line":19,"column":17}}},"3":{"name":"(anonymous_3)","line":23,"loc":{"start":{"line":23,"column":24},"end":{"line":23,"column":36}}},"4":{"name":"(anonymous_4)","line":61,"loc":{"start":{"line":61,"column":5},"end":{"line":61,"column":17}}},"5":{"name":"(anonymous_5)","line":82,"loc":{"start":{"line":82,"column":5},"end":{"line":82,"column":17}}},"6":{"name":"(anonymous_6)","line":91,"loc":{"start":{"line":91,"column":77},"end":{"line":94,"column":10}}},"7":{"name":"(anonymous_7)","line":112,"loc":{"start":{"line":112,"column":83},"end":{"line":115,"column":10}},"skip":true},"8":{"name":"(anonymous_8)","line":123,"loc":{"start":{"line":123,"column":77},"end":{"line":126,"column":10}},"skip":true},"9":{"name":"(anonymous_9)","line":139,"loc":{"start":{"line":139,"column":12},"end":{"line":139,"column":40}},"skip":true},"10":{"name":"(anonymous_10)","line":147,"loc":{"start":{"line":147,"column":77},"end":{"line":150,"column":10}},"skip":true},"11":{"name":"(anonymous_11)","line":158,"loc":{"start":{"line":158,"column":83},"end":{"line":161,"column":10}},"skip":true},"12":{"name":"(anonymous_12)","line":169,"loc":{"start":{"line":169,"column":79},"end":{"line":172,"column":10}},"skip":true},"13":{"name":"(anonymous_13)","line":180,"loc":{"start":{"line":180,"column":75},"end":{"line":183,"column":10}},"skip":true}},"statementMap":{"1":{"start":{"line":12,"column":0},"end":{"line":195,"column":5}},"2":{"start":{"line":14,"column":4},"end":{"line":14,"column":14}},"3":{"start":{"line":19,"column":4},"end":{"line":56,"column":9}},"4":{"start":{"line":21,"column":8},"end":{"line":21,"column":19}},"5":{"start":{"line":23,"column":8},"end":{"line":35,"column":13}},"6":{"start":{"line":24,"column":12},"end":{"line":34,"column":13}},"7":{"start":{"line":25,"column":16},"end":{"line":28,"column":30}},"8":{"start":{"line":30,"column":16},"end":{"line":33,"column":27}},"9":{"start":{"line":37,"column":8},"end":{"line":39,"column":21}},"10":{"start":{"line":40,"column":8},"end":{"line":53,"column":9}},"11":{"start":{"line":43,"column":12},"end":{"line":46,"column":14}},"12":{"start":{"line":47,"column":12},"end":{"line":47,"column":18}},"13":{"start":{"line":50,"column":12},"end":{"line":51,"column":33}},"14":{"start":{"line":52,"column":12},"end":{"line":52,"column":18}},"15":{"start":{"line":55,"column":8},"end":{"line":55,"column":35}},"16":{"start":{"line":61,"column":4},"end":{"line":63,"column":9}},"17":{"start":{"line":62,"column":8},"end":{"line":62,"column":15}},"18":{"start":{"line":64,"column":4},"end":{"line":77,"column":5}},"19":{"start":{"line":70,"column":8},"end":{"line":70,"column":14}},"20":{"start":{"line":76,"column":8},"end":{"line":76,"column":14}},"21":{"start":{"line":82,"column":4},"end":{"line":84,"column":9}},"22":{"start":{"line":83,"column":8},"end":{"line":83,"column":15}},"23":{"start":{"line":85,"column":4},"end":{"line":194,"column":5}},"24":{"start":{"line":91,"column":8},"end":{"line":99,"column":10}},"25":{"start":{"line":98,"column":12},"end":{"line":98,"column":35}},"26":{"start":{"line":102,"column":8},"end":{"line":104,"column":63}},"27":{"start":{"line":105,"column":8},"end":{"line":105,"column":14}},"28":{"start":{"line":112,"column":8},"end":{"line":121,"column":10},"skip":true},"29":{"start":{"line":119,"column":12},"end":{"line":119,"column":55},"skip":true},"30":{"start":{"line":120,"column":12},"end":{"line":120,"column":48},"skip":true},"31":{"start":{"line":123,"column":8},"end":{"line":136,"column":10},"skip":true},"32":{"start":{"line":130,"column":12},"end":{"line":130,"column":76},"skip":true},"33":{"start":{"line":131,"column":12},"end":{"line":131,"column":73},"skip":true},"34":{"start":{"line":132,"column":12},"end":{"line":132,"column":74},"skip":true},"35":{"start":{"line":133,"column":12},"end":{"line":133,"column":79},"skip":true},"36":{"start":{"line":134,"column":12},"end":{"line":134,"column":25},"skip":true},"37":{"start":{"line":135,"column":12},"end":{"line":135,"column":45},"skip":true},"38":{"start":{"line":138,"column":8},"end":{"line":145,"column":14},"skip":true},"39":{"start":{"line":143,"column":16},"end":{"line":143,"column":29},"skip":true},"40":{"start":{"line":144,"column":16},"end":{"line":144,"column":55},"skip":true},"41":{"start":{"line":147,"column":8},"end":{"line":156,"column":10},"skip":true},"42":{"start":{"line":154,"column":12},"end":{"line":154,"column":25},"skip":true},"43":{"start":{"line":155,"column":12},"end":{"line":155,"column":45},"skip":true},"44":{"start":{"line":158,"column":8},"end":{"line":167,"column":10},"skip":true},"45":{"start":{"line":165,"column":12},"end":{"line":165,"column":25},"skip":true},"46":{"start":{"line":166,"column":12},"end":{"line":166,"column":48},"skip":true},"47":{"start":{"line":169,"column":8},"end":{"line":178,"column":10},"skip":true},"48":{"start":{"line":176,"column":12},"end":{"line":176,"column":25},"skip":true},"49":{"start":{"line":177,"column":12},"end":{"line":177,"column":46},"skip":true},"50":{"start":{"line":180,"column":8},"end":{"line":189,"column":10},"skip":true},"51":{"start":{"line":187,"column":12},"end":{"line":187,"column":94},"skip":true},"52":{"start":{"line":188,"column":12},"end":{"line":188,"column":48},"skip":true},"53":{"start":{"line":192,"column":8},"end":{"line":192,"column":35},"skip":true},"54":{"start":{"line":193,"column":8},"end":{"line":193,"column":14},"skip":true}},"branchMap":{"1":{"line":25,"type":"binary-expr","locations":[{"start":{"line":25,"column":23},"end":{"line":25,"column":62}},{"start":{"line":26,"column":20},"end":{"line":26,"column":70}},{"start":{"line":27,"column":20},"end":{"line":27,"column":71}},{"start":{"line":28,"column":20},"end":{"line":28,"column":29}}]},"2":{"line":30,"type":"binary-expr","locations":[{"start":{"line":30,"column":23},"end":{"line":30,"column":37}},{"start":{"line":31,"column":20},"end":{"line":31,"column":61}},{"start":{"line":32,"column":20},"end":{"line":32,"column":70}},{"start":{"line":33,"column":20},"end":{"line":33,"column":26}}]},"3":{"line":37,"type":"cond-expr","locations":[{"start":{"line":38,"column":14},"end":{"line":38,"column":20}},{"start":{"line":39,"column":14},"end":{"line":39,"column":20}}]},"4":{"line":40,"type":"switch","locations":[{"start":{"line":42,"column":8},"end":{"line":47,"column":18}},{"start":{"line":49,"column":8},"end":{"line":52,"column":18}}]},"5":{"line":44,"type":"binary-expr","locations":[{"start":{"line":44,"column":16},"end":{"line":44,"column":44}},{"start":{"line":44,"column":48},"end":{"line":44,"column":66}}]},"6":{"line":50,"type":"binary-expr","locations":[{"start":{"line":50,"column":21},"end":{"line":50,"column":49}},{"start":{"line":50,"column":53},"end":{"line":50,"column":72}}]},"7":{"line":64,"type":"switch","locations":[{"start":{"line":69,"column":4},"end":{"line":70,"column":14}},{"start":{"line":75,"column":4},"end":{"line":76,"column":14}}]},"8":{"line":85,"type":"switch","locations":[{"start":{"line":90,"column":4},"end":{"line":105,"column":14}},{"start":{"line":111,"column":4},"end":{"line":193,"column":14},"skip":true}]},"9":{"line":91,"type":"binary-expr","locations":[{"start":{"line":91,"column":42},"end":{"line":91,"column":73}},{"start":{"line":91,"column":77},"end":{"line":99,"column":9}}]},"10":{"line":102,"type":"binary-expr","locations":[{"start":{"line":102,"column":18},"end":{"line":102,"column":32}},{"start":{"line":103,"column":12},"end":{"line":103,"column":53}},{"start":{"line":104,"column":12},"end":{"line":104,"column":61}}]},"11":{"line":112,"type":"binary-expr","locations":[{"start":{"line":112,"column":45},"end":{"line":112,"column":79},"skip":true},{"start":{"line":112,"column":83},"end":{"line":121,"column":9},"skip":true}]},"12":{"line":123,"type":"binary-expr","locations":[{"start":{"line":123,"column":42},"end":{"line":123,"column":73},"skip":true},{"start":{"line":123,"column":77},"end":{"line":136,"column":9},"skip":true}]},"13":{"line":138,"type":"binary-expr","locations":[{"start":{"line":138,"column":48},"end":{"line":138,"column":85},"skip":true},{"start":{"line":139,"column":12},"end":{"line":145,"column":13},"skip":true}]},"14":{"line":147,"type":"binary-expr","locations":[{"start":{"line":147,"column":42},"end":{"line":147,"column":73},"skip":true},{"start":{"line":147,"column":77},"end":{"line":156,"column":9},"skip":true}]},"15":{"line":158,"type":"binary-expr","locations":[{"start":{"line":158,"column":45},"end":{"line":158,"column":79},"skip":true},{"start":{"line":158,"column":83},"end":{"line":167,"column":9},"skip":true}]},"16":{"line":169,"type":"binary-expr","locations":[{"start":{"line":169,"column":43},"end":{"line":169,"column":75},"skip":true},{"start":{"line":169,"column":79},"end":{"line":178,"column":9},"skip":true}]},"17":{"line":180,"type":"binary-expr","locations":[{"start":{"line":180,"column":41},"end":{"line":180,"column":71},"skip":true},{"start":{"line":180,"column":75},"end":{"line":189,"column":9},"skip":true}]}},"code":["/* istanbul instrument in package npmtest_shrinkpack */","/*jslint","    bitwise: true,","    browser: true,","    maxerr: 8,","    maxlen: 96,","    node: true,","    nomen: true,","    regexp: true,","    stupid: true","*/","(function () {","    'use strict';","    var local;","","","","    // run shared js-env code - init-before","    (function () {","        // init local","        local = {};","        // init modeJs","        local.modeJs = (function () {","            try {","                return typeof navigator.userAgent === 'string' &&","                    typeof document.querySelector('body') === 'object' &&","                    typeof XMLHttpRequest.prototype.open === 'function' &&","                    'browser';","            } catch (errorCaughtBrowser) {","                return module.exports &&","                    typeof process.versions.node === 'string' &&","                    typeof require('http').createServer === 'function' &&","                    'node';","            }","        }());","        // init global","        local.global = local.modeJs === 'browser'","            ? window","            : global;","        switch (local.modeJs) {","        // re-init local from window.local","        case 'browser':","            local = local.global.utility2.objectSetDefault(","                local.global.utility2_rollup || local.global.local,","                local.global.utility2","            );","            break;","        // re-init local from example.js","        case 'node':","            local = (local.global.utility2_rollup || require('utility2'))","                .requireReadme();","            break;","        }","        // export local","        local.global.local = local;","    }());","","","","    // run shared js-env code - function","    (function () {","        return;","    }());","    switch (local.modeJs) {","","","","    // run browser js-env code - function","    case 'browser':","        break;","","","","    // run node js-env code - function","    case 'node':","        break;","    }","","","","    // run shared js-env code - init-after","    (function () {","        return;","    }());","    switch (local.modeJs) {","","","","    // run browser js-env code - init-after","    case 'browser':","        local.testCase_browser_nullCase = local.testCase_browser_nullCase || function (","            options,","            onError","        ) {","        /*","         * this function will test browsers's null-case handling-behavior-behavior","         */","            onError(null, options);","        };","","        // run tests","        local.nop(local.modeTest &&","            document.querySelector('#testRunButton1') &&","            document.querySelector('#testRunButton1').click());","        break;","","","","    // run node js-env code - init-after","    /* istanbul ignore next */","    case 'node':","        local.testCase_buildApidoc_default = local.testCase_buildApidoc_default || function (","            options,","            onError","        ) {","        /*","         * this function will test buildApidoc's default handling-behavior-behavior","         */","            options = { modulePathList: module.paths };","            local.buildApidoc(options, onError);","        };","","        local.testCase_buildApp_default = local.testCase_buildApp_default || function (","            options,","            onError","        ) {","        /*","         * this function will test buildApp's default handling-behavior-behavior","         */","            local.testCase_buildReadme_default(options, local.onErrorThrow);","            local.testCase_buildLib_default(options, local.onErrorThrow);","            local.testCase_buildTest_default(options, local.onErrorThrow);","            local.testCase_buildCustomOrg_default(options, local.onErrorThrow);","            options = [];","            local.buildApp(options, onError);","        };","","        local.testCase_buildCustomOrg_default = local.testCase_buildCustomOrg_default ||","            function (options, onError) {","            /*","             * this function will test buildCustomOrg's default handling-behavior","             */","                options = {};","                local.buildCustomOrg(options, onError);","            };","","        local.testCase_buildLib_default = local.testCase_buildLib_default || function (","            options,","            onError","        ) {","        /*","         * this function will test buildLib's default handling-behavior","         */","            options = {};","            local.buildLib(options, onError);","        };","","        local.testCase_buildReadme_default = local.testCase_buildReadme_default || function (","            options,","            onError","        ) {","        /*","         * this function will test buildReadme's default handling-behavior-behavior","         */","            options = {};","            local.buildReadme(options, onError);","        };","","        local.testCase_buildTest_default = local.testCase_buildTest_default || function (","            options,","            onError","        ) {","        /*","         * this function will test buildTest's default handling-behavior","         */","            options = {};","            local.buildTest(options, onError);","        };","","        local.testCase_webpage_default = local.testCase_webpage_default || function (","            options,","            onError","        ) {","        /*","         * this function will test webpage's default handling-behavior","         */","            options = { modeCoverageMerge: true, url: local.serverLocalHost + '?modeTest=1' };","            local.browserTest(options, onError);","        };","","        // run test-server","        local.testRunServer(local);","        break;","    }","}());",""],"l":{"12":2,"14":2,"19":2,"21":2,"23":2,"24":2,"25":2,"30":1,"37":2,"40":2,"43":1,"47":1,"50":1,"52":1,"55":2,"61":2,"62":2,"64":2,"70":1,"76":1,"82":2,"83":2,"85":2,"91":1,"98":1,"102":1,"105":1,"112":1,"119":1,"120":1,"123":1,"130":1,"131":1,"132":1,"133":1,"134":1,"135":1,"138":1,"143":2,"144":2,"147":1,"154":2,"155":2,"158":1,"165":2,"166":2,"169":1,"176":2,"177":2,"180":1,"187":1,"188":1,"192":1,"193":1}},"/home/travis/build/npmtest/node-npmtest-shrinkpack/lib.npmtest_shrinkpack.js":{"path":"/home/travis/build/npmtest/node-npmtest-shrinkpack/lib.npmtest_shrinkpack.js","s":{"1":2,"2":2,"3":2,"4":2,"5":2,"6":2,"7":2,"8":1,"9":2,"10":2,"11":2,"12":2,"13":1,"14":1,"15":1,"16":1},"b":{"1":[2,1,1,1],"2":[1,1,1,1],"3":[1,1],"4":[2,2],"5":[1,1]},"f":{"1":2,"2":2,"3":2},"fnMap":{"1":{"name":"(anonymous_1)","line":12,"loc":{"start":{"line":12,"column":1},"end":{"line":12,"column":13}}},"2":{"name":"(anonymous_2)","line":19,"loc":{"start":{"line":19,"column":5},"end":{"line":19,"column":17}}},"3":{"name":"(anonymous_3)","line":23,"loc":{"start":{"line":23,"column":24},"end":{"line":23,"column":36}}}},"statementMap":{"1":{"start":{"line":12,"column":0},"end":{"line":53,"column":5}},"2":{"start":{"line":14,"column":4},"end":{"line":14,"column":14}},"3":{"start":{"line":19,"column":4},"end":{"line":52,"column":9}},"4":{"start":{"line":21,"column":8},"end":{"line":21,"column":19}},"5":{"start":{"line":23,"column":8},"end":{"line":35,"column":13}},"6":{"start":{"line":24,"column":12},"end":{"line":34,"column":13}},"7":{"start":{"line":25,"column":16},"end":{"line":28,"column":30}},"8":{"start":{"line":30,"column":16},"end":{"line":33,"column":27}},"9":{"start":{"line":37,"column":8},"end":{"line":39,"column":21}},"10":{"start":{"line":41,"column":8},"end":{"line":41,"column":54}},"11":{"start":{"line":43,"column":8},"end":{"line":43,"column":55}},"12":{"start":{"line":45,"column":8},"end":{"line":51,"column":9}},"13":{"start":{"line":46,"column":12},"end":{"line":46,"column":61}},"14":{"start":{"line":48,"column":12},"end":{"line":48,"column":35}},"15":{"start":{"line":49,"column":12},"end":{"line":49,"column":49}},"16":{"start":{"line":50,"column":12},"end":{"line":50,"column":43}}},"branchMap":{"1":{"line":25,"type":"binary-expr","locations":[{"start":{"line":25,"column":23},"end":{"line":25,"column":62}},{"start":{"line":26,"column":20},"end":{"line":26,"column":70}},{"start":{"line":27,"column":20},"end":{"line":27,"column":71}},{"start":{"line":28,"column":20},"end":{"line":28,"column":29}}]},"2":{"line":30,"type":"binary-expr","locations":[{"start":{"line":30,"column":23},"end":{"line":30,"column":37}},{"start":{"line":31,"column":20},"end":{"line":31,"column":61}},{"start":{"line":32,"column":20},"end":{"line":32,"column":70}},{"start":{"line":33,"column":20},"end":{"line":33,"column":26}}]},"3":{"line":37,"type":"cond-expr","locations":[{"start":{"line":38,"column":14},"end":{"line":38,"column":20}},{"start":{"line":39,"column":14},"end":{"line":39,"column":20}}]},"4":{"line":41,"type":"binary-expr","locations":[{"start":{"line":41,"column":16},"end":{"line":41,"column":44}},{"start":{"line":41,"column":48},"end":{"line":41,"column":53}}]},"5":{"line":45,"type":"if","locations":[{"start":{"line":45,"column":8},"end":{"line":45,"column":8}},{"start":{"line":45,"column":8},"end":{"line":45,"column":8}}]}},"code":["/* istanbul instrument in package npmtest_shrinkpack */","/*jslint","    bitwise: true,","    browser: true,","    maxerr: 8,","    maxlen: 96,","    node: true,","    nomen: true,","    regexp: true,","    stupid: true","*/","(function () {","    'use strict';","    var local;","","","","    // run shared js-env code - init-before","    (function () {","        // init local","        local = {};","        // init modeJs","        local.modeJs = (function () {","            try {","                return typeof navigator.userAgent === 'string' &&","                    typeof document.querySelector('body') === 'object' &&","                    typeof XMLHttpRequest.prototype.open === 'function' &&","                    'browser';","            } catch (errorCaughtBrowser) {","                return module.exports &&","                    typeof process.versions.node === 'string' &&","                    typeof require('http').createServer === 'function' &&","                    'node';","            }","        }());","        // init global","        local.global = local.modeJs === 'browser'","            ? window","            : global;","        // init utility2_rollup","        local = local.global.utility2_rollup || local;","        // init lib","        local.local = local.npmtest_shrinkpack = local;","        // init exports","        if (local.modeJs === 'browser') {","            local.global.utility2_npmtest_shrinkpack = local;","        } else {","            module.exports = local;","            module.exports.__dirname = __dirname;","            module.exports.module = module;","        }","    }());","}());",""],"l":{"12":2,"14":2,"19":2,"21":2,"23":2,"24":2,"25":2,"30":1,"37":2,"41":2,"43":2,"45":2,"46":1,"48":1,"49":1,"50":1}},"/home/travis/build/npmtest/node-npmtest-shrinkpack/example.js":{"path":"/home/travis/build/npmtest/node-npmtest-shrinkpack/example.js","s":{"1":2,"2":2,"3":2,"4":2,"5":2,"6":2,"7":2,"8":1,"9":2,"10":2,"11":2,"12":2,"13":1,"14":2,"15":2,"16":2,"17":2,"18":2,"19":0,"20":2,"21":1,"22":1,"23":1,"24":1,"25":1,"26":0,"27":0,"28":1,"29":1,"30":2,"31":0,"32":0,"33":0,"34":1,"35":2,"36":2,"37":3,"38":3,"39":3,"40":3,"41":0,"42":3,"43":3,"44":3,"45":1,"46":3,"47":1,"48":1,"49":1,"50":1,"51":1,"52":1,"53":1,"54":1,"55":1,"56":1,"57":0,"58":1,"59":6,"60":6,"61":1,"62":2,"63":0,"64":2,"65":1,"66":1,"67":0,"68":0,"69":0,"70":0,"71":0,"72":0,"73":0,"74":0,"75":0,"76":0,"77":0,"78":0,"79":0,"80":0,"81":0,"82":0,"83":0},"b":{"1":[2,1,1,1],"2":[1,1,1,1],"3":[1,1],"4":[2,2],"5":[1,1],"6":[1,1],"7":[2,0],"8":[2,1,1,1,1,1],"9":[0,2,0],"10":[1,1],"11":[2,1,1],"12":[1,0],"13":[0,2],"14":[2,0,0,0,0,0,0],"15":[0,3],"16":[3,0],"17":[1,1],"18":[0,1],"19":[1,2,0,2],"20":[1,0],"21":[1,1],"22":[0,0],"23":[0,0],"24":[0,0],"25":[0,0],"26":[0,0],"27":[0,0],"28":[0,0]},"f":{"1":2,"2":2,"3":2,"4":2,"5":2,"6":2,"7":3,"8":3,"9":3,"10":1,"11":6,"12":0},"fnMap":{"1":{"name":"(anonymous_1)","line":26,"loc":{"start":{"line":26,"column":1},"end":{"line":26,"column":13}}},"2":{"name":"(anonymous_2)","line":33,"loc":{"start":{"line":33,"column":5},"end":{"line":33,"column":17}}},"3":{"name":"(anonymous_3)","line":37,"loc":{"start":{"line":37,"column":24},"end":{"line":37,"column":36}}},"4":{"name":"(anonymous_4)","line":69,"loc":{"start":{"line":69,"column":31},"end":{"line":69,"column":48}},"skip":true},"5":{"name":"(anonymous_5)","line":78,"loc":{"start":{"line":78,"column":26},"end":{"line":78,"column":45}},"skip":true},"6":{"name":"(anonymous_6)","line":123,"loc":{"start":{"line":123,"column":33},"end":{"line":123,"column":48}},"skip":true},"7":{"name":"(anonymous_7)","line":125,"loc":{"start":{"line":125,"column":27},"end":{"line":125,"column":39}},"skip":true},"8":{"name":"(anonymous_8)","line":133,"loc":{"start":{"line":133,"column":59},"end":{"line":133,"column":74}},"skip":true},"9":{"name":"(anonymous_9)","line":143,"loc":{"start":{"line":143,"column":45},"end":{"line":143,"column":62}},"skip":true},"10":{"name":"(anonymous_10)","line":144,"loc":{"start":{"line":144,"column":73},"end":{"line":144,"column":92}},"skip":true},"11":{"name":"(anonymous_11)","line":272,"loc":{"start":{"line":272,"column":51},"end":{"line":272,"column":77}},"skip":true},"12":{"name":"(anonymous_12)","line":315,"loc":{"start":{"line":315,"column":32},"end":{"line":315,"column":61}},"skip":true}},"statementMap":{"1":{"start":{"line":26,"column":0},"end":{"line":326,"column":5}},"2":{"start":{"line":28,"column":4},"end":{"line":28,"column":14}},"3":{"start":{"line":33,"column":4},"end":{"line":60,"column":9}},"4":{"start":{"line":35,"column":8},"end":{"line":35,"column":19}},"5":{"start":{"line":37,"column":8},"end":{"line":49,"column":13}},"6":{"start":{"line":38,"column":12},"end":{"line":48,"column":13}},"7":{"start":{"line":39,"column":16},"end":{"line":42,"column":30}},"8":{"start":{"line":44,"column":16},"end":{"line":47,"column":27}},"9":{"start":{"line":51,"column":8},"end":{"line":53,"column":21}},"10":{"start":{"line":55,"column":8},"end":{"line":57,"column":45}},"11":{"start":{"line":59,"column":8},"end":{"line":59,"column":35}},"12":{"start":{"line":61,"column":4},"end":{"line":325,"column":5}},"13":{"start":{"line":69,"column":8},"end":{"line":121,"column":10},"skip":true},"14":{"start":{"line":70,"column":12},"end":{"line":88,"column":13},"skip":true},"15":{"start":{"line":76,"column":16},"end":{"line":87,"column":19},"skip":true},"16":{"start":{"line":79,"column":20},"end":{"line":86,"column":21},"skip":true},"17":{"start":{"line":82,"column":24},"end":{"line":82,"column":43},"skip":true},"18":{"start":{"line":83,"column":24},"end":{"line":83,"column":30},"skip":true},"19":{"start":{"line":85,"column":24},"end":{"line":85,"column":49},"skip":true},"20":{"start":{"line":89,"column":12},"end":{"line":107,"column":13},"skip":true},"21":{"start":{"line":92,"column":16},"end":{"line":102,"column":17},"skip":true},"22":{"start":{"line":93,"column":20},"end":{"line":93,"column":86},"skip":true},"23":{"start":{"line":94,"column":20},"end":{"line":95,"column":45},"skip":true},"24":{"start":{"line":96,"column":20},"end":{"line":96,"column":42},"skip":true},"25":{"start":{"line":97,"column":20},"end":{"line":97,"column":48},"skip":true},"26":{"start":{"line":100,"column":20},"end":{"line":100,"column":85},"skip":true},"27":{"start":{"line":101,"column":20},"end":{"line":101,"column":96},"skip":true},"28":{"start":{"line":103,"column":16},"end":{"line":103,"column":22},"skip":true},"29":{"start":{"line":106,"column":16},"end":{"line":106,"column":22},"skip":true},"30":{"start":{"line":108,"column":12},"end":{"line":120,"column":13},"skip":true},"31":{"start":{"line":114,"column":16},"end":{"line":119,"column":17},"skip":true},"32":{"start":{"line":116,"column":20},"end":{"line":116,"column":78},"skip":true},"33":{"start":{"line":118,"column":20},"end":{"line":118,"column":47},"skip":true},"34":{"start":{"line":123,"column":8},"end":{"line":141,"column":11},"skip":true},"35":{"start":{"line":124,"column":12},"end":{"line":124,"column":54},"skip":true},"36":{"start":{"line":125,"column":12},"end":{"line":140,"column":14},"skip":true},"37":{"start":{"line":126,"column":16},"end":{"line":126,"column":28},"skip":true},"38":{"start":{"line":127,"column":16},"end":{"line":127,"column":69},"skip":true},"39":{"start":{"line":128,"column":16},"end":{"line":128,"column":75},"skip":true},"40":{"start":{"line":129,"column":16},"end":{"line":131,"column":17},"skip":true},"41":{"start":{"line":130,"column":20},"end":{"line":130,"column":27},"skip":true},"42":{"start":{"line":133,"column":16},"end":{"line":137,"column":36},"skip":true},"43":{"start":{"line":134,"column":20},"end":{"line":136,"column":55},"skip":true},"44":{"start":{"line":139,"column":16},"end":{"line":139,"column":57},"skip":true},"45":{"start":{"line":143,"column":8},"end":{"line":147,"column":11},"skip":true},"46":{"start":{"line":144,"column":12},"end":{"line":146,"column":15},"skip":true},"47":{"start":{"line":145,"column":16},"end":{"line":145,"column":70},"skip":true},"48":{"start":{"line":149,"column":8},"end":{"line":149,"column":31},"skip":true},"49":{"start":{"line":150,"column":8},"end":{"line":150,"column":14},"skip":true},"50":{"start":{"line":158,"column":8},"end":{"line":158,"column":31},"skip":true},"51":{"start":{"line":160,"column":8},"end":{"line":160,"column":33},"skip":true},"52":{"start":{"line":161,"column":8},"end":{"line":161,"column":37},"skip":true},"53":{"start":{"line":162,"column":8},"end":{"line":162,"column":35},"skip":true},"54":{"start":{"line":164,"column":8},"end":{"line":164,"column":50},"skip":true},"55":{"start":{"line":166,"column":8},"end":{"line":256,"column":2},"skip":true},"56":{"start":{"line":258,"column":8},"end":{"line":286,"column":9},"skip":true},"57":{"start":{"line":259,"column":12},"end":{"line":269,"column":14},"skip":true},"58":{"start":{"line":271,"column":12},"end":{"line":285,"column":19},"skip":true},"59":{"start":{"line":274,"column":20},"end":{"line":274,"column":35},"skip":true},"60":{"start":{"line":275,"column":20},"end":{"line":284,"column":21},"skip":true},"61":{"start":{"line":277,"column":24},"end":{"line":277,"column":64},"skip":true},"62":{"start":{"line":279,"column":24},"end":{"line":279,"column":40},"skip":true},"63":{"start":{"line":281,"column":24},"end":{"line":281,"column":40},"skip":true},"64":{"start":{"line":283,"column":24},"end":{"line":283,"column":39},"skip":true},"65":{"start":{"line":288,"column":8},"end":{"line":290,"column":9},"skip":true},"66":{"start":{"line":289,"column":12},"end":{"line":289,"column":18},"skip":true},"67":{"start":{"line":291,"column":8},"end":{"line":293,"column":54},"skip":true},"68":{"start":{"line":296,"column":8},"end":{"line":301,"column":37},"skip":true},"69":{"start":{"line":303,"column":8},"end":{"line":303,"column":82},"skip":true},"70":{"start":{"line":306,"column":8},"end":{"line":308,"column":9},"skip":true},"71":{"start":{"line":307,"column":12},"end":{"line":307,"column":82},"skip":true},"72":{"start":{"line":310,"column":8},"end":{"line":312,"column":9},"skip":true},"73":{"start":{"line":311,"column":12},"end":{"line":311,"column":18},"skip":true},"74":{"start":{"line":313,"column":8},"end":{"line":313,"column":54},"skip":true},"75":{"start":{"line":314,"column":8},"end":{"line":314,"column":69},"skip":true},"76":{"start":{"line":315,"column":8},"end":{"line":323,"column":36},"skip":true},"77":{"start":{"line":316,"column":12},"end":{"line":316,"column":61},"skip":true},"78":{"start":{"line":317,"column":12},"end":{"line":320,"column":13},"skip":true},"79":{"start":{"line":318,"column":16},"end":{"line":318,"column":75},"skip":true},"80":{"start":{"line":319,"column":16},"end":{"line":319,"column":23},"skip":true},"81":{"start":{"line":321,"column":12},"end":{"line":321,"column":38},"skip":true},"82":{"start":{"line":322,"column":12},"end":{"line":322,"column":27},"skip":true},"83":{"start":{"line":324,"column":8},"end":{"line":324,"column":14},"skip":true}},"branchMap":{"1":{"line":39,"type":"binary-expr","locations":[{"start":{"line":39,"column":23},"end":{"line":39,"column":62}},{"start":{"line":40,"column":20},"end":{"line":40,"column":70}},{"start":{"line":41,"column":20},"end":{"line":41,"column":71}},{"start":{"line":42,"column":20},"end":{"line":42,"column":29}}]},"2":{"line":44,"type":"binary-expr","locations":[{"start":{"line":44,"column":23},"end":{"line":44,"column":37}},{"start":{"line":45,"column":20},"end":{"line":45,"column":61}},{"start":{"line":46,"column":20},"end":{"line":46,"column":70}},{"start":{"line":47,"column":20},"end":{"line":47,"column":26}}]},"3":{"line":51,"type":"cond-expr","locations":[{"start":{"line":52,"column":14},"end":{"line":52,"column":20}},{"start":{"line":53,"column":14},"end":{"line":53,"column":20}}]},"4":{"line":55,"type":"binary-expr","locations":[{"start":{"line":55,"column":16},"end":{"line":55,"column":44}},{"start":{"line":55,"column":49},"end":{"line":57,"column":43}}]},"5":{"line":55,"type":"cond-expr","locations":[{"start":{"line":56,"column":14},"end":{"line":56,"column":54}},{"start":{"line":57,"column":14},"end":{"line":57,"column":43}}]},"6":{"line":61,"type":"switch","locations":[{"start":{"line":68,"column":4},"end":{"line":150,"column":14},"skip":true},{"start":{"line":156,"column":4},"end":{"line":324,"column":14},"skip":true}]},"7":{"line":70,"type":"if","locations":[{"start":{"line":70,"column":12},"end":{"line":70,"column":12},"skip":true},{"start":{"line":70,"column":12},"end":{"line":70,"column":12},"skip":true}]},"8":{"line":70,"type":"binary-expr","locations":[{"start":{"line":70,"column":16},"end":{"line":70,"column":22},"skip":true},{"start":{"line":70,"column":27},"end":{"line":70,"column":32},"skip":true},{"start":{"line":71,"column":20},"end":{"line":71,"column":39},"skip":true},{"start":{"line":72,"column":20},"end":{"line":72,"column":49},"skip":true},{"start":{"line":73,"column":20},"end":{"line":73,"column":58},"skip":true},{"start":{"line":74,"column":20},"end":{"line":74,"column":69},"skip":true}]},"9":{"line":79,"type":"switch","locations":[{"start":{"line":80,"column":20},"end":{"line":80,"column":33},"skip":true},{"start":{"line":81,"column":20},"end":{"line":83,"column":30},"skip":true},{"start":{"line":84,"column":20},"end":{"line":85,"column":49},"skip":true}]},"10":{"line":89,"type":"switch","locations":[{"start":{"line":90,"column":12},"end":{"line":103,"column":22},"skip":true},{"start":{"line":105,"column":12},"end":{"line":106,"column":22},"skip":true}]},"11":{"line":89,"type":"binary-expr","locations":[{"start":{"line":89,"column":20},"end":{"line":89,"column":25},"skip":true},{"start":{"line":89,"column":29},"end":{"line":89,"column":48},"skip":true},{"start":{"line":89,"column":52},"end":{"line":89,"column":74},"skip":true}]},"12":{"line":92,"type":"if","locations":[{"start":{"line":92,"column":16},"end":{"line":92,"column":16},"skip":true},{"start":{"line":92,"column":16},"end":{"line":92,"column":16},"skip":true}]},"13":{"line":108,"type":"if","locations":[{"start":{"line":108,"column":12},"end":{"line":108,"column":12},"skip":true},{"start":{"line":108,"column":12},"end":{"line":108,"column":12},"skip":true}]},"14":{"line":108,"type":"binary-expr","locations":[{"start":{"line":108,"column":16},"end":{"line":108,"column":61},"skip":true},{"start":{"line":108,"column":66},"end":{"line":108,"column":72},"skip":true},{"start":{"line":108,"column":77},"end":{"line":108,"column":82},"skip":true},{"start":{"line":109,"column":20},"end":{"line":109,"column":39},"skip":true},{"start":{"line":110,"column":20},"end":{"line":110,"column":49},"skip":true},{"start":{"line":111,"column":20},"end":{"line":111,"column":58},"skip":true},{"start":{"line":112,"column":20},"end":{"line":112,"column":68},"skip":true}]},"15":{"line":129,"type":"if","locations":[{"start":{"line":129,"column":16},"end":{"line":129,"column":16},"skip":true},{"start":{"line":129,"column":16},"end":{"line":129,"column":16},"skip":true}]},"16":{"line":134,"type":"cond-expr","locations":[{"start":{"line":135,"column":26},"end":{"line":135,"column":29},"skip":true},{"start":{"line":136,"column":26},"end":{"line":136,"column":54},"skip":true}]},"17":{"line":164,"type":"binary-expr","locations":[{"start":{"line":164,"column":27},"end":{"line":164,"column":43},"skip":true},{"start":{"line":164,"column":47},"end":{"line":164,"column":49},"skip":true}]},"18":{"line":258,"type":"if","locations":[{"start":{"line":258,"column":8},"end":{"line":258,"column":8},"skip":true},{"start":{"line":258,"column":8},"end":{"line":258,"column":8},"skip":true}]},"19":{"line":275,"type":"switch","locations":[{"start":{"line":276,"column":20},"end":{"line":277,"column":64},"skip":true},{"start":{"line":278,"column":20},"end":{"line":279,"column":40},"skip":true},{"start":{"line":280,"column":20},"end":{"line":281,"column":40},"skip":true},{"start":{"line":282,"column":20},"end":{"line":283,"column":39},"skip":true}]},"20":{"line":288,"type":"if","locations":[{"start":{"line":288,"column":8},"end":{"line":288,"column":8},"skip":true},{"start":{"line":288,"column":8},"end":{"line":288,"column":8},"skip":true}]},"21":{"line":288,"type":"binary-expr","locations":[{"start":{"line":288,"column":12},"end":{"line":288,"column":40},"skip":true},{"start":{"line":288,"column":44},"end":{"line":288,"column":67},"skip":true}]},"22":{"line":292,"type":"binary-expr","locations":[{"start":{"line":292,"column":12},"end":{"line":292,"column":50},"skip":true},{"start":{"line":293,"column":12},"end":{"line":293,"column":53},"skip":true}]},"23":{"line":297,"type":"binary-expr","locations":[{"start":{"line":297,"column":12},"end":{"line":297,"column":68},"skip":true},{"start":{"line":298,"column":12},"end":{"line":301,"column":36},"skip":true}]},"24":{"line":303,"type":"binary-expr","locations":[{"start":{"line":303,"column":43},"end":{"line":303,"column":75},"skip":true},{"start":{"line":303,"column":79},"end":{"line":303,"column":81},"skip":true}]},"25":{"line":306,"type":"if","locations":[{"start":{"line":306,"column":8},"end":{"line":306,"column":8},"skip":true},{"start":{"line":306,"column":8},"end":{"line":306,"column":8},"skip":true}]},"26":{"line":310,"type":"if","locations":[{"start":{"line":310,"column":8},"end":{"line":310,"column":8},"skip":true},{"start":{"line":310,"column":8},"end":{"line":310,"column":8},"skip":true}]},"27":{"line":313,"type":"binary-expr","locations":[{"start":{"line":313,"column":27},"end":{"line":313,"column":43},"skip":true},{"start":{"line":313,"column":47},"end":{"line":313,"column":53},"skip":true}]},"28":{"line":317,"type":"if","locations":[{"start":{"line":317,"column":12},"end":{"line":317,"column":12},"skip":true},{"start":{"line":317,"column":12},"end":{"line":317,"column":12},"skip":true}]}},"code":["/*","example.js","","quickstart example","","instruction","    1. save this script as example.js","    2. run the shell command:","        $ npm install npmtest-shrinkpack && PORT=8081 node example.js","    3. play with the browser-demo on http://127.0.0.1:8081","*/","","","","/* istanbul instrument in package npmtest_shrinkpack */","/*jslint","    bitwise: true,","    browser: true,","    maxerr: 8,","    maxlen: 96,","    node: true,","    nomen: true,","    regexp: true,","    stupid: true","*/","(function () {","    'use strict';","    var local;","","","","    // run shared js-env code - init-before","    (function () {","        // init local","        local = {};","        // init modeJs","        local.modeJs = (function () {","            try {","                return typeof navigator.userAgent === 'string' &&","                    typeof document.querySelector('body') === 'object' &&","                    typeof XMLHttpRequest.prototype.open === 'function' &&","                    'browser';","            } catch (errorCaughtBrowser) {","                return module.exports &&","                    typeof process.versions.node === 'string' &&","                    typeof require('http').createServer === 'function' &&","                    'node';","            }","        }());","        // init global","        local.global = local.modeJs === 'browser'","            ? window","            : global;","        // init utility2_rollup","        local = local.global.utility2_rollup || (local.modeJs === 'browser'","            ? local.global.utility2_npmtest_shrinkpack","            : global.utility2_moduleExports);","        // export local","        local.global.local = local;","    }());","    switch (local.modeJs) {","","","","    // init-after","    // run browser js-env code - init-after","    /* istanbul ignore next */","    case 'browser':","        local.testRunBrowser = function (event) {","            if (!event || (event &&","                    event.currentTarget &&","                    event.currentTarget.className &&","                    event.currentTarget.className.includes &&","                    event.currentTarget.className.includes('onreset'))) {","                // reset output","                Array.from(","                    document.querySelectorAll('body > .resettable')","                ).forEach(function (element) {","                    switch (element.tagName) {","                    case 'INPUT':","                    case 'TEXTAREA':","                        element.value = '';","                        break;","                    default:","                        element.textContent = '';","                    }","                });","            }","            switch (event && event.currentTarget && event.currentTarget.id) {","            case 'testRunButton1':","                // show tests","                if (document.querySelector('#testReportDiv1').style.display === 'none') {","                    document.querySelector('#testReportDiv1').style.display = 'block';","                    document.querySelector('#testRunButton1').textContent =","                        'hide internal test';","                    local.modeTest = true;","                    local.testRunDefault(local);","                // hide tests","                } else {","                    document.querySelector('#testReportDiv1').style.display = 'none';","                    document.querySelector('#testRunButton1').textContent = 'run internal test';","                }","                break;","            // custom-case","            default:","                break;","            }","            if (document.querySelector('#inputTextareaEval1') && (!event || (event &&","                    event.currentTarget &&","                    event.currentTarget.className &&","                    event.currentTarget.className.includes &&","                    event.currentTarget.className.includes('oneval')))) {","                // try to eval input-code","                try {","                    /*jslint evil: true*/","                    eval(document.querySelector('#inputTextareaEval1').value);","                } catch (errorCaught) {","                    console.error(errorCaught);","                }","            }","        };","        // log stderr and stdout to #outputTextareaStdout1","        ['error', 'log'].forEach(function (key) {","            console[key + '_original'] = console[key];","            console[key] = function () {","                var element;","                console[key + '_original'].apply(console, arguments);","                element = document.querySelector('#outputTextareaStdout1');","                if (!element) {","                    return;","                }","                // append text to #outputTextareaStdout1","                element.value += Array.from(arguments).map(function (arg) {","                    return typeof arg === 'string'","                        ? arg","                        : JSON.stringify(arg, null, 4);","                }).join(' ') + '\\n';","                // scroll textarea to bottom","                element.scrollTop = element.scrollHeight;","            };","        });","        // init event-handling","        ['change', 'click', 'keyup'].forEach(function (event) {","            Array.from(document.querySelectorAll('.on' + event)).forEach(function (element) {","                element.addEventListener(event, local.testRunBrowser);","            });","        });","        // run tests","        local.testRunBrowser();","        break;","","","","    // run node js-env code - init-after","    /* istanbul ignore next */","    case 'node':","        // export local","        module.exports = local;","        // require modules","        local.fs = require('fs');","        local.http = require('http');","        local.url = require('url');","        // init assets","        local.assetsDict = local.assetsDict || {};","        /* jslint-ignore-begin */","        local.assetsDict['/assets.index.template.html'] = '\\","<!doctype html>\\n\\","<html lang=\"en\">\\n\\","<head>\\n\\","<meta charset=\"UTF-8\">\\n\\","<meta name=\"viewport\" content=\"width=device-width, initial-scale=1\">\\n\\","<title>{{env.npm_package_name}} (v{{env.npm_package_version}})</title>\\n\\","<style>\\n\\","/*csslint\\n\\","    box-sizing: false,\\n\\","    universal-selector: false\\n\\","*/\\n\\","* {\\n\\","    box-sizing: border-box;\\n\\","}\\n\\","body {\\n\\","    background: #dde;\\n\\","    font-family: Arial, Helvetica, sans-serif;\\n\\","    margin: 2rem;\\n\\","}\\n\\","body > * {\\n\\","    margin-bottom: 1rem;\\n\\","}\\n\\",".utility2FooterDiv {\\n\\","    margin-top: 20px;\\n\\","    text-align: center;\\n\\","}\\n\\","</style>\\n\\","<style>\\n\\","/*csslint\\n\\","*/\\n\\","textarea {\\n\\","    font-family: monospace;\\n\\","    height: 10rem;\\n\\","    width: 100%;\\n\\","}\\n\\","textarea[readonly] {\\n\\","    background: #ddd;\\n\\","}\\n\\","</style>\\n\\","</head>\\n\\","<body>\\n\\","<!-- utility2-comment\\n\\","<div id=\"ajaxProgressDiv1\" style=\"background: #d00; height: 2px; left: 0; margin: 0; padding: 0; position: fixed; top: 0; transition: background 0.5s, width 1.5s; width: 25%;\"></div>\\n\\","utility2-comment -->\\n\\","<h1>\\n\\","<!-- utility2-comment\\n\\","    <a\\n\\","        {{#if env.npm_package_homepage}}\\n\\","        href=\"{{env.npm_package_homepage}}\"\\n\\","        {{/if env.npm_package_homepage}}\\n\\","        target=\"_blank\"\\n\\","    >\\n\\","utility2-comment -->\\n\\","        {{env.npm_package_name}} (v{{env.npm_package_version}})\\n\\","<!-- utility2-comment\\n\\","    </a>\\n\\","utility2-comment -->\\n\\","</h1>\\n\\","<h3>{{env.npm_package_description}}</h3>\\n\\","<!-- utility2-comment\\n\\","<h4><a download href=\"assets.app.js\">download standalone app</a></h4>\\n\\","<button class=\"onclick onreset\" id=\"testRunButton1\">run internal test</button><br>\\n\\","<div id=\"testReportDiv1\" style=\"display: none;\"></div>\\n\\","utility2-comment -->\\n\\","\\n\\","\\n\\","\\n\\","<label>stderr and stdout</label>\\n\\","<textarea class=\"resettable\" id=\"outputTextareaStdout1\" readonly></textarea>\\n\\","<!-- utility2-comment\\n\\","{{#if isRollup}}\\n\\","<script src=\"assets.app.js\"></script>\\n\\","{{#unless isRollup}}\\n\\","utility2-comment -->\\n\\","<script src=\"assets.utility2.rollup.js\"></script>\\n\\","<script src=\"jsonp.utility2._stateInit?callback=window.utility2._stateInit\"></script>\\n\\","<script src=\"assets.npmtest_shrinkpack.rollup.js\"></script>\\n\\","<script src=\"assets.example.js\"></script>\\n\\","<script src=\"assets.test.js\"></script>\\n\\","<!-- utility2-comment\\n\\","{{/if isRollup}}\\n\\","utility2-comment -->\\n\\","<div class=\"utility2FooterDiv\">\\n\\","    [ this app was created with\\n\\","    <a href=\"https://github.com/kaizhu256/node-utility2\" target=\"_blank\">utility2</a>\\n\\","    ]\\n\\","</div>\\n\\","</body>\\n\\","</html>\\n\\","';","        /* jslint-ignore-end */","        if (local.templateRender) {","            local.assetsDict['/'] = local.templateRender(","                local.assetsDict['/assets.index.template.html'],","                {","                    env: local.objectSetDefault(local.env, {","                        npm_package_description: 'the greatest app in the world!',","                        npm_package_name: 'my-app',","                        npm_package_nameAlias: 'my_app',","                        npm_package_version: '0.0.1'","                    })","                }","            );","        } else {","            local.assetsDict['/'] = local.assetsDict['/assets.index.template.html']","                .replace((/\\{\\{env\\.(\\w+?)\\}\\}/g), function (match0, match1) {","                    // jslint-hack","                    String(match0);","                    switch (match1) {","                    case 'npm_package_description':","                        return 'the greatest app in the world!';","                    case 'npm_package_name':","                        return 'my-app';","                    case 'npm_package_nameAlias':","                        return 'my_app';","                    case 'npm_package_version':","                        return '0.0.1';","                    }","                });","        }","        // run the cli","        if (local.global.utility2_rollup || module !== require.main) {","            break;","        }","        local.assetsDict['/assets.example.js'] =","            local.assetsDict['/assets.example.js'] ||","            local.fs.readFileSync(__filename, 'utf8');","        // bug-workaround - long $npm_package_buildCustomOrg","        /* jslint-ignore-begin */","        local.assetsDict['/assets.npmtest_shrinkpack.rollup.js'] =","            local.assetsDict['/assets.npmtest_shrinkpack.rollup.js'] ||","            local.fs.readFileSync(","                local.npmtest_shrinkpack.__dirname + '/lib.npmtest_shrinkpack.js',","                'utf8'","            ).replace((/^#!/), '//');","        /* jslint-ignore-end */","        local.assetsDict['/favicon.ico'] = local.assetsDict['/favicon.ico'] || '';","        // if $npm_config_timeout_exit exists,","        // then exit this process after $npm_config_timeout_exit ms","        if (Number(process.env.npm_config_timeout_exit)) {","            setTimeout(process.exit, Number(process.env.npm_config_timeout_exit));","        }","        // start server","        if (local.global.utility2_serverHttp1) {","            break;","        }","        process.env.PORT = process.env.PORT || '8081';","        console.error('server starting on port ' + process.env.PORT);","        local.http.createServer(function (request, response) {","            request.urlParsed = local.url.parse(request.url);","            if (local.assetsDict[request.urlParsed.pathname] !== undefined) {","                response.end(local.assetsDict[request.urlParsed.pathname]);","                return;","            }","            response.statusCode = 404;","            response.end();","        }).listen(process.env.PORT);","        break;","    }","}());",""],"l":{"26":2,"28":2,"33":2,"35":2,"37":2,"38":2,"39":2,"44":1,"51":2,"55":2,"59":2,"61":2,"69":1,"70":2,"76":2,"79":2,"82":2,"83":2,"85":1,"89":2,"92":1,"93":1,"94":1,"96":1,"97":1,"100":1,"101":1,"103":1,"106":1,"108":2,"114":1,"116":1,"118":1,"123":1,"124":2,"125":2,"126":3,"127":3,"128":3,"129":3,"130":1,"133":3,"134":3,"139":3,"143":1,"144":3,"145":1,"149":1,"150":1,"158":1,"160":1,"161":1,"162":1,"164":1,"166":1,"258":1,"259":1,"271":1,"274":6,"275":6,"277":1,"279":2,"281":1,"283":2,"288":1,"289":1,"291":1,"296":1,"303":1,"306":1,"307":1,"310":1,"311":1,"313":1,"314":1,"315":1,"316":1,"317":1,"318":1,"319":1,"321":1,"322":1,"324":1}},"/home/travis/build/npmtest/node-npmtest-shrinkpack/node_modules/shrinkpack/index.js":{"path":"/home/travis/build/npmtest/node-npmtest-shrinkpack/node_modules/shrinkpack/index.js","s":{"1":1,"2":1,"3":1,"4":1},"b":{},"f":{},"fnMap":{},"statementMap":{"1":{"start":{"line":2,"column":0},"end":{"line":2,"column":39}},"2":{"start":{"line":3,"column":0},"end":{"line":3,"column":31}},"3":{"start":{"line":4,"column":0},"end":{"line":4,"column":37}},"4":{"start":{"line":7,"column":0},"end":{"line":11,"column":2}}},"branchMap":{},"code":["// modules","var analyse = require('./src/analyse');","var cli = require('./src/cli');","var update = require('./src/update');","","// public","module.exports = {","  analyse: analyse,","  cli: cli.run,","  update: update","};",""],"l":{"2":1,"3":1,"4":1,"7":1}},"/home/travis/build/npmtest/node-npmtest-shrinkpack/node_modules/shrinkpack/src/analyse/index.js":{"path":"/home/travis/build/npmtest/node-npmtest-shrinkpack/node_modules/shrinkpack/src/analyse/index.js","s":{"1":1,"2":1,"3":1,"4":1,"5":1,"6":1,"7":1,"8":1,"9":1,"10":1,"11":1,"12":1,"13":1,"14":1,"15":1,"16":1,"17":1,"18":1,"19":1,"20":0,"21":1,"22":0,"23":0,"24":1,"25":0,"26":0,"27":1,"28":0,"29":0,"30":1,"31":0,"32":0,"33":1,"34":0,"35":0,"36":1,"37":0,"38":0,"39":1,"40":0,"41":0},"b":{},"f":{"1":1,"2":1,"3":1,"4":1,"5":0,"6":0,"7":0,"8":0,"9":0,"10":0,"11":0,"12":0,"13":0,"14":0,"15":0,"16":0,"17":0,"18":0,"19":0},"fnMap":{"1":{"name":"init","line":20,"loc":{"start":{"line":20,"column":0},"end":{"line":20,"column":23}}},"2":{"name":"getConfigWithPaths","line":32,"loc":{"start":{"line":32,"column":2},"end":{"line":32,"column":38}}},"3":{"name":"(anonymous_3)","line":34,"loc":{"start":{"line":34,"column":12},"end":{"line":34,"column":29}}},"4":{"name":"getConfigWithGraph","line":39,"loc":{"start":{"line":39,"column":2},"end":{"line":39,"column":38}}},"5":{"name":"(anonymous_5)","line":41,"loc":{"start":{"line":41,"column":12},"end":{"line":41,"column":29}}},"6":{"name":"handleOptionalDependencies","line":46,"loc":{"start":{"line":46,"column":2},"end":{"line":46,"column":46}}},"7":{"name":"(anonymous_7)","line":48,"loc":{"start":{"line":48,"column":12},"end":{"line":48,"column":29}}},"8":{"name":"ensureBundleExists","line":53,"loc":{"start":{"line":53,"column":2},"end":{"line":53,"column":38}}},"9":{"name":"(anonymous_9)","line":55,"loc":{"start":{"line":55,"column":12},"end":{"line":55,"column":24}}},"10":{"name":"getConfigWithNpmCacheContents","line":60,"loc":{"start":{"line":60,"column":2},"end":{"line":60,"column":49}}},"11":{"name":"(anonymous_11)","line":62,"loc":{"start":{"line":62,"column":12},"end":{"line":62,"column":32}}},"12":{"name":"getConfigWithBundleContents","line":67,"loc":{"start":{"line":67,"column":2},"end":{"line":67,"column":47}}},"13":{"name":"(anonymous_13)","line":69,"loc":{"start":{"line":69,"column":12},"end":{"line":69,"column":30}}},"14":{"name":"getConfigWithDependencies","line":74,"loc":{"start":{"line":74,"column":2},"end":{"line":74,"column":45}}},"15":{"name":"(anonymous_15)","line":76,"loc":{"start":{"line":76,"column":12},"end":{"line":76,"column":28}}},"16":{"name":"getConfigWithUnusedDependencies","line":81,"loc":{"start":{"line":81,"column":2},"end":{"line":81,"column":51}}},"17":{"name":"(anonymous_17)","line":83,"loc":{"start":{"line":83,"column":12},"end":{"line":83,"column":42}}},"18":{"name":"getConfigWithStats","line":88,"loc":{"start":{"line":88,"column":2},"end":{"line":88,"column":38}}},"19":{"name":"(anonymous_19)","line":90,"loc":{"start":{"line":90,"column":12},"end":{"line":90,"column":29}}}},"statementMap":{"1":{"start":{"line":2,"column":0},"end":{"line":2,"column":38}},"2":{"start":{"line":3,"column":0},"end":{"line":3,"column":27}},"3":{"start":{"line":6,"column":0},"end":{"line":6,"column":65}},"4":{"start":{"line":7,"column":0},"end":{"line":7,"column":52}},"5":{"start":{"line":8,"column":0},"end":{"line":8,"column":38}},"6":{"start":{"line":9,"column":0},"end":{"line":9,"column":38}},"7":{"start":{"line":10,"column":0},"end":{"line":10,"column":38}},"8":{"start":{"line":11,"column":0},"end":{"line":11,"column":65}},"9":{"start":{"line":12,"column":0},"end":{"line":12,"column":73}},"10":{"start":{"line":13,"column":0},"end":{"line":13,"column":42}},"11":{"start":{"line":14,"column":0},"end":{"line":14,"column":47}},"12":{"start":{"line":17,"column":0},"end":{"line":17,"column":22}},"13":{"start":{"line":20,"column":0},"end":{"line":94,"column":1}},"14":{"start":{"line":21,"column":2},"end":{"line":30,"column":30}},"15":{"start":{"line":32,"column":2},"end":{"line":37,"column":3}},"16":{"start":{"line":33,"column":4},"end":{"line":36,"column":9}},"17":{"start":{"line":35,"column":8},"end":{"line":35,"column":45}},"18":{"start":{"line":39,"column":2},"end":{"line":44,"column":3}},"19":{"start":{"line":40,"column":4},"end":{"line":43,"column":9}},"20":{"start":{"line":42,"column":8},"end":{"line":42,"column":46}},"21":{"start":{"line":46,"column":2},"end":{"line":51,"column":3}},"22":{"start":{"line":47,"column":4},"end":{"line":50,"column":9}},"23":{"start":{"line":49,"column":8},"end":{"line":49,"column":46}},"24":{"start":{"line":53,"column":2},"end":{"line":58,"column":3}},"25":{"start":{"line":54,"column":4},"end":{"line":57,"column":9}},"26":{"start":{"line":56,"column":8},"end":{"line":56,"column":22}},"27":{"start":{"line":60,"column":2},"end":{"line":65,"column":3}},"28":{"start":{"line":61,"column":4},"end":{"line":64,"column":9}},"29":{"start":{"line":63,"column":8},"end":{"line":63,"column":52}},"30":{"start":{"line":67,"column":2},"end":{"line":72,"column":3}},"31":{"start":{"line":68,"column":4},"end":{"line":71,"column":9}},"32":{"start":{"line":70,"column":8},"end":{"line":70,"column":48}},"33":{"start":{"line":74,"column":2},"end":{"line":79,"column":3}},"34":{"start":{"line":75,"column":4},"end":{"line":78,"column":9}},"35":{"start":{"line":77,"column":8},"end":{"line":77,"column":44}},"36":{"start":{"line":81,"column":2},"end":{"line":86,"column":3}},"37":{"start":{"line":82,"column":4},"end":{"line":85,"column":9}},"38":{"start":{"line":84,"column":8},"end":{"line":84,"column":72}},"39":{"start":{"line":88,"column":2},"end":{"line":93,"column":3}},"40":{"start":{"line":89,"column":4},"end":{"line":92,"column":9}},"41":{"start":{"line":91,"column":8},"end":{"line":91,"column":46}}},"branchMap":{},"code":["// 3rd party modules","var assign = require('lodash.assign');","var when = require('when');","","// modules","var createBundleDirectory = require('./create-bundle-directory');","var getDependencies = require('./get-dependencies');","var getGraph = require('./get-graph');","var getPaths = require('./get-paths');","var getStats = require('./get-stats');","var getUnusedDependencies = require('./get-unused-dependencies');","var pruneOptionalDependencies = require('./prune-optional-dependencies');","var readBundle = require('./read-bundle');","var readNpmCache = require('./read-npm-cache');","","// public","module.exports = init;","","// implementation","function init(options) {","  return when({options: options, startTime: new Date()})","    .then(getConfigWithPaths)","    .then(getConfigWithGraph)","    .then(handleOptionalDependencies)","    .then(ensureBundleExists)","    .then(getConfigWithNpmCacheContents)","    .then(getConfigWithBundleContents)","    .then(getConfigWithDependencies)","    .then(getConfigWithUnusedDependencies)","    .then(getConfigWithStats);","","  function getConfigWithPaths(config) {","    return getPaths(config.options.directory)","      .then(function (paths) {","        return assign(config, {path: paths});","      });","  }","","  function getConfigWithGraph(config) {","    return getGraph(config.path.graph)","      .then(function (graph) {","        return assign(config, {graph: graph});","      });","  }","","  function handleOptionalDependencies(config) {","    return pruneOptionalDependencies(config)","      .then(function (graph) {","        return assign(config, {graph: graph});","      });","  }","","  function ensureBundleExists(config) {","    return createBundleDirectory(config.path.shrinkpack)","      .then(function () {","        return config;","      });","  }","","  function getConfigWithNpmCacheContents(config) {","    return readNpmCache(config.path.npmCache)","      .then(function (npmCache) {","        return assign(config, {npmCache: npmCache});","      });","  }","","  function getConfigWithBundleContents(config) {","    return readBundle(config.path.shrinkpack)","      .then(function (bundle) {","        return assign(config, {bundle: bundle});","      });","  }","","  function getConfigWithDependencies(config) {","    return getDependencies(config)","      .then(function (deps) {","        return assign(config, {deps: deps});","      });","  }","","  function getConfigWithUnusedDependencies(config) {","    return getUnusedDependencies(config)","      .then(function (unusedDependencies) {","        return assign(config, {unusedDependencies: unusedDependencies});","      });","  }","","  function getConfigWithStats(config) {","    return getStats(config)","      .then(function (stats) {","        return assign(config, {stats: stats});","      });","  }","}",""],"l":{"2":1,"3":1,"6":1,"7":1,"8":1,"9":1,"10":1,"11":1,"12":1,"13":1,"14":1,"17":1,"20":1,"21":1,"32":1,"33":1,"35":1,"39":1,"40":1,"42":0,"46":1,"47":0,"49":0,"53":1,"54":0,"56":0,"60":1,"61":0,"63":0,"67":1,"68":0,"70":0,"74":1,"75":0,"77":0,"81":1,"82":0,"84":0,"88":1,"89":0,"91":0}},"/home/travis/build/npmtest/node-npmtest-shrinkpack/node_modules/shrinkpack/src/analyse/create-bundle-directory.js":{"path":"/home/travis/build/npmtest/node-npmtest-shrinkpack/node_modules/shrinkpack/src/analyse/create-bundle-directory.js","s":{"1":1,"2":1,"3":1,"4":0,"5":1,"6":0,"7":1,"8":0,"9":0,"10":0},"b":{"1":[0,0]},"f":{"1":0,"2":0,"3":0},"fnMap":{"1":{"name":"createBundleDirectory","line":8,"loc":{"start":{"line":8,"column":0},"end":{"line":8,"column":41}}},"2":{"name":"onSuccess","line":12,"loc":{"start":{"line":12,"column":2},"end":{"line":12,"column":23}}},"3":{"name":"onError","line":16,"loc":{"start":{"line":16,"column":2},"end":{"line":16,"column":24}}}},"statementMap":{"1":{"start":{"line":2,"column":0},"end":{"line":2,"column":30}},"2":{"start":{"line":5,"column":0},"end":{"line":5,"column":39}},"3":{"start":{"line":8,"column":0},"end":{"line":22,"column":1}},"4":{"start":{"line":9,"column":2},"end":{"line":10,"column":30}},"5":{"start":{"line":12,"column":2},"end":{"line":14,"column":3}},"6":{"start":{"line":13,"column":4},"end":{"line":13,"column":20}},"7":{"start":{"line":16,"column":2},"end":{"line":21,"column":3}},"8":{"start":{"line":17,"column":4},"end":{"line":19,"column":5}},"9":{"start":{"line":18,"column":6},"end":{"line":18,"column":70}},"10":{"start":{"line":20,"column":4},"end":{"line":20,"column":20}}},"branchMap":{"1":{"line":17,"type":"if","locations":[{"start":{"line":17,"column":4},"end":{"line":17,"column":4}},{"start":{"line":17,"column":4},"end":{"line":17,"column":4}}]}},"code":["// modules","var fs = require('../lib/fs');","","// public","module.exports = createBundleDirectory;","","// implementation","function createBundleDirectory(location) {","  return fs.mkdir(location)","    .then(onSuccess, onError);","","  function onSuccess() {","    return location;","  }","","  function onError(err) {","    if (err.code !== 'EEXIST') {","      throw new Error('! failed to create node_shrinkwrap directory');","    }","    return location;","  }","}",""],"l":{"2":1,"5":1,"8":1,"9":0,"12":1,"13":0,"16":1,"17":0,"18":0,"20":0}},"/home/travis/build/npmtest/node-npmtest-shrinkpack/node_modules/shrinkpack/src/lib/fs.js":{"path":"/home/travis/build/npmtest/node-npmtest-shrinkpack/node_modules/shrinkpack/src/lib/fs.js","s":{"1":1,"2":1,"3":1,"4":1,"5":1,"6":5},"b":{},"f":{"1":5},"fnMap":{"1":{"name":"wrap","line":19,"loc":{"start":{"line":19,"column":0},"end":{"line":19,"column":18}}}},"statementMap":{"1":{"start":{"line":2,"column":0},"end":{"line":2,"column":32}},"2":{"start":{"line":3,"column":0},"end":{"line":3,"column":36}},"3":{"start":{"line":6,"column":0},"end":{"line":6,"column":40}},"4":{"start":{"line":9,"column":0},"end":{"line":17,"column":2}},"5":{"start":{"line":19,"column":0},"end":{"line":21,"column":1}},"6":{"start":{"line":20,"column":2},"end":{"line":20,"column":38}}},"branchMap":{},"code":["// 3rd party modules","var fs = require('graceful-fs');","var whenNode = require('when/node');","","// modules","var rateLimit = require('./rate-limit');","","// public","module.exports = {","  createReadStream: fs.createReadStream,","  createWriteStream: fs.createWriteStream,","  mkdir: wrap(fs.mkdir),","  readdir: wrap(fs.readdir),","  readFile: wrap(fs.readFile),","  unlink: wrap(fs.unlink),","  writeFile: wrap(fs.writeFile)","};","","function wrap(fn) {","  return rateLimit(whenNode.lift(fn));","}",""],"l":{"2":1,"3":1,"6":1,"9":1,"19":1,"20":5}},"/home/travis/build/npmtest/node-npmtest-shrinkpack/node_modules/shrinkpack/src/lib/rate-limit.js":{"path":"/home/travis/build/npmtest/node-npmtest-shrinkpack/node_modules/shrinkpack/src/lib/rate-limit.js","s":{"1":1,"2":1,"3":1,"4":1,"5":7},"b":{},"f":{"1":7},"fnMap":{"1":{"name":"rateLimit","line":10,"loc":{"start":{"line":10,"column":0},"end":{"line":10,"column":23}}}},"statementMap":{"1":{"start":{"line":2,"column":0},"end":{"line":2,"column":34}},"2":{"start":{"line":5,"column":0},"end":{"line":5,"column":27}},"3":{"start":{"line":8,"column":0},"end":{"line":8,"column":28}},"4":{"start":{"line":10,"column":0},"end":{"line":12,"column":1}},"5":{"start":{"line":11,"column":2},"end":{"line":11,"column":30}}},"branchMap":{},"code":["// 3rd party modules","var guard = require('when/guard');","","// public","module.exports = rateLimit;","","// implementation","var condition = guard.n(10);","","function rateLimit(fn) {","  return guard(condition, fn);","}",""],"l":{"2":1,"5":1,"8":1,"10":1,"11":7}},"/home/travis/build/npmtest/node-npmtest-shrinkpack/node_modules/shrinkpack/src/analyse/get-dependencies.js":{"path":"/home/travis/build/npmtest/node-npmtest-shrinkpack/node_modules/shrinkpack/src/analyse/get-dependencies.js","s":{"1":1,"2":1,"3":1,"4":1,"5":1,"6":0,"7":0,"8":0,"9":0,"10":0,"11":1,"12":0,"13":1,"14":0,"15":0,"16":0},"b":{"1":[0,0],"2":[0,0]},"f":{"1":0,"2":0,"3":0},"fnMap":{"1":{"name":"getDependencies","line":12,"loc":{"start":{"line":12,"column":0},"end":{"line":12,"column":33}}},"2":{"name":"addDependency","line":19,"loc":{"start":{"line":19,"column":2},"end":{"line":19,"column":36}}},"3":{"name":"addIfMandatory","line":23,"loc":{"start":{"line":23,"column":2},"end":{"line":23,"column":49}}}},"statementMap":{"1":{"start":{"line":2,"column":0},"end":{"line":2,"column":27}},"2":{"start":{"line":5,"column":0},"end":{"line":5,"column":75}},"3":{"start":{"line":6,"column":0},"end":{"line":6,"column":41}},"4":{"start":{"line":9,"column":0},"end":{"line":9,"column":33}},"5":{"start":{"line":12,"column":0},"end":{"line":30,"column":1}},"6":{"start":{"line":13,"column":2},"end":{"line":13,"column":31}},"7":{"start":{"line":14,"column":2},"end":{"line":14,"column":24}},"8":{"start":{"line":15,"column":2},"end":{"line":15,"column":77}},"9":{"start":{"line":16,"column":2},"end":{"line":16,"column":49}},"10":{"start":{"line":17,"column":2},"end":{"line":17,"column":28}},"11":{"start":{"line":19,"column":2},"end":{"line":21,"column":3}},"12":{"start":{"line":20,"column":4},"end":{"line":20,"column":49}},"13":{"start":{"line":23,"column":2},"end":{"line":29,"column":3}},"14":{"start":{"line":24,"column":4},"end":{"line":28,"column":5}},"15":{"start":{"line":25,"column":6},"end":{"line":25,"column":29}},"16":{"start":{"line":27,"column":6},"end":{"line":27,"column":31}}},"branchMap":{"1":{"line":15,"type":"cond-expr","locations":[{"start":{"line":15,"column":46},"end":{"line":15,"column":59}},{"start":{"line":15,"column":62},"end":{"line":15,"column":76}}]},"2":{"line":24,"type":"if","locations":[{"start":{"line":24,"column":4},"end":{"line":24,"column":4}},{"start":{"line":24,"column":4},"end":{"line":24,"column":4}}]}},"code":["// 3rd party modules","var when = require('when');","","// modules","var forEachNestedDependency = require('../lib/for-each-nested-dependency');","var Dependency = require('./dependency');","","// public","module.exports = getDependencies;","","// implementation","function getDependencies(config) {","  Dependency.setConfig(config);","  var dependencies = [];","  var handler = config.options.keepOptional ? addDependency : addIfMandatory;","  forEachNestedDependency(config.graph, handler);","  return when(dependencies);","","  function addDependency(key, node) {","    dependencies.push(new Dependency(key, node));","  }","","  function addIfMandatory(key, node, parentNode) {","    if (node.optional === true) {","      delete parentNode[key];","    } else {","      addDependency(key, node);","    }","  }","}",""],"l":{"2":1,"5":1,"6":1,"9":1,"12":1,"13":0,"14":0,"15":0,"16":0,"17":0,"19":1,"20":0,"23":1,"24":0,"25":0,"27":0}},"/home/travis/build/npmtest/node-npmtest-shrinkpack/node_modules/shrinkpack/src/lib/for-each-nested-dependency.js":{"path":"/home/travis/build/npmtest/node-npmtest-shrinkpack/node_modules/shrinkpack/src/lib/for-each-nested-dependency.js","s":{"1":1,"2":1,"3":0,"4":0,"5":0,"6":0,"7":0,"8":0,"9":0,"10":0,"11":1,"12":0,"13":1,"14":0,"15":1,"16":0,"17":1,"18":0,"19":0,"20":1,"21":0},"b":{"1":[0,0],"2":[0,0],"3":[0,0],"4":[0,0],"5":[0,0]},"f":{"1":0,"2":0,"3":0,"4":0,"5":0,"6":0},"fnMap":{"1":{"name":"forEachNestedDependency","line":5,"loc":{"start":{"line":5,"column":0},"end":{"line":5,"column":65}}},"2":{"name":"isRootNode","line":18,"loc":{"start":{"line":18,"column":0},"end":{"line":18,"column":31}}},"3":{"name":"isPackage","line":22,"loc":{"start":{"line":22,"column":0},"end":{"line":22,"column":30}}},"4":{"name":"isDependencyMap","line":26,"loc":{"start":{"line":26,"column":0},"end":{"line":26,"column":36}}},"5":{"name":"stepInto","line":30,"loc":{"start":{"line":30,"column":0},"end":{"line":30,"column":39}}},"6":{"name":"isObject","line":36,"loc":{"start":{"line":36,"column":0},"end":{"line":36,"column":24}}}},"statementMap":{"1":{"start":{"line":2,"column":0},"end":{"line":2,"column":41}},"2":{"start":{"line":5,"column":0},"end":{"line":16,"column":1}},"3":{"start":{"line":6,"column":2},"end":{"line":15,"column":3}},"4":{"start":{"line":7,"column":4},"end":{"line":14,"column":5}},"5":{"start":{"line":8,"column":6},"end":{"line":8,"column":43}},"6":{"start":{"line":9,"column":11},"end":{"line":14,"column":5}},"7":{"start":{"line":10,"column":6},"end":{"line":10,"column":37}},"8":{"start":{"line":11,"column":6},"end":{"line":11,"column":30}},"9":{"start":{"line":12,"column":11},"end":{"line":14,"column":5}},"10":{"start":{"line":13,"column":6},"end":{"line":13,"column":30}},"11":{"start":{"line":18,"column":0},"end":{"line":20,"column":1}},"12":{"start":{"line":19,"column":2},"end":{"line":19,"column":14}},"13":{"start":{"line":22,"column":0},"end":{"line":24,"column":1}},"14":{"start":{"line":23,"column":2},"end":{"line":23,"column":32}},"15":{"start":{"line":26,"column":0},"end":{"line":28,"column":1}},"16":{"start":{"line":27,"column":2},"end":{"line":27,"column":32}},"17":{"start":{"line":30,"column":0},"end":{"line":34,"column":1}},"18":{"start":{"line":31,"column":2},"end":{"line":33,"column":3}},"19":{"start":{"line":32,"column":4},"end":{"line":32,"column":71}},"20":{"start":{"line":36,"column":0},"end":{"line":38,"column":1}},"21":{"start":{"line":37,"column":2},"end":{"line":37,"column":56}}},"branchMap":{"1":{"line":6,"type":"if","locations":[{"start":{"line":6,"column":2},"end":{"line":6,"column":2}},{"start":{"line":6,"column":2},"end":{"line":6,"column":2}}]},"2":{"line":7,"type":"if","locations":[{"start":{"line":7,"column":4},"end":{"line":7,"column":4}},{"start":{"line":7,"column":4},"end":{"line":7,"column":4}}]},"3":{"line":9,"type":"if","locations":[{"start":{"line":9,"column":11},"end":{"line":9,"column":11}},{"start":{"line":9,"column":11},"end":{"line":9,"column":11}}]},"4":{"line":12,"type":"if","locations":[{"start":{"line":12,"column":11},"end":{"line":12,"column":11}},{"start":{"line":12,"column":11},"end":{"line":12,"column":11}}]},"5":{"line":37,"type":"binary-expr","locations":[{"start":{"line":37,"column":9},"end":{"line":37,"column":22}},{"start":{"line":37,"column":27},"end":{"line":37,"column":54}}]}},"code":["// public","module.exports = forEachNestedDependency;","","// implementation","function forEachNestedDependency(node, handler, key, parentNode) {","  if (isObject(node)) {","    if (isRootNode(node, key)) {","      stepInto(node.dependencies, handler);","    } else if (isPackage(node, key)) {","      handler(key, node, parentNode);","      stepInto(node, handler);","    } else if (isDependencyMap(node, key)) {","      stepInto(node, handler);","    }","  }","}","","function isRootNode(node, key) {","  return !key;","}","","function isPackage(node, key) {","  return key !== 'dependencies';","}","","function isDependencyMap(node, key) {","  return key === 'dependencies';","}","","function stepInto(parentNode, handler) {","  for (var key in parentNode) { // eslint-disable-line guard-for-in","    forEachNestedDependency(parentNode[key], handler, key, parentNode);","  }","}","","function isObject(node) {","  return Boolean(node) && (node.constructor === Object);","}",""],"l":{"2":1,"5":1,"6":0,"7":0,"8":0,"9":0,"10":0,"11":0,"12":0,"13":0,"18":1,"19":0,"22":1,"23":0,"26":1,"27":0,"30":1,"31":0,"32":0,"36":1,"37":0}},"/home/travis/build/npmtest/node-npmtest-shrinkpack/node_modules/shrinkpack/src/analyse/dependency/index.js":{"path":"/home/travis/build/npmtest/node-npmtest-shrinkpack/node_modules/shrinkpack/src/analyse/dependency/index.js","s":{"1":1,"2":1,"3":1,"4":1,"5":1,"6":1,"7":1,"8":1,"9":0,"10":0,"11":1,"12":0,"13":1,"14":0,"15":0,"16":0,"17":0,"18":0,"19":0,"20":0,"21":0,"22":0,"23":0,"24":0,"25":0,"26":0,"27":0,"28":0,"29":0,"30":0,"31":0,"32":0,"33":0,"34":0,"35":0,"36":0,"37":0,"38":0,"39":0,"40":0,"41":0,"42":0,"43":0,"44":0,"45":0,"46":0,"47":0},"b":{"1":[0,0],"2":[0,0],"3":[0,0],"4":[0,0],"5":[0,0],"6":[0,0]},"f":{"1":0,"2":0,"3":0,"4":0,"5":0,"6":0,"7":0,"8":0,"9":0,"10":0,"11":0,"12":0,"13":0,"14":0,"15":0,"16":0,"17":0,"18":0,"19":0},"fnMap":{"1":{"name":"Dependency","line":17,"loc":{"start":{"line":17,"column":0},"end":{"line":17,"column":33}}},"2":{"name":"(anonymous_2)","line":23,"loc":{"start":{"line":23,"column":23},"end":{"line":23,"column":41}}},"3":{"name":"(anonymous_3)","line":29,"loc":{"start":{"line":29,"column":10},"end":{"line":29,"column":22}}},"4":{"name":"(anonymous_4)","line":31,"loc":{"start":{"line":31,"column":31},"end":{"line":31,"column":53}}},"5":{"name":"(anonymous_5)","line":38,"loc":{"start":{"line":38,"column":9},"end":{"line":38,"column":21}}},"6":{"name":"(anonymous_6)","line":40,"loc":{"start":{"line":40,"column":30},"end":{"line":40,"column":52}}},"7":{"name":"(anonymous_7)","line":48,"loc":{"start":{"line":48,"column":17},"end":{"line":48,"column":29}}},"8":{"name":"(anonymous_8)","line":54,"loc":{"start":{"line":54,"column":9},"end":{"line":54,"column":21}}},"9":{"name":"(anonymous_9)","line":57,"loc":{"start":{"line":57,"column":19},"end":{"line":57,"column":31}}},"10":{"name":"(anonymous_10)","line":61,"loc":{"start":{"line":61,"column":21},"end":{"line":61,"column":33}}},"11":{"name":"(anonymous_11)","line":64,"loc":{"start":{"line":64,"column":12},"end":{"line":64,"column":24}}},"12":{"name":"(anonymous_12)","line":68,"loc":{"start":{"line":68,"column":13},"end":{"line":68,"column":25}}},"13":{"name":"(anonymous_13)","line":71,"loc":{"start":{"line":71,"column":12},"end":{"line":71,"column":24}}},"14":{"name":"(anonymous_14)","line":74,"loc":{"start":{"line":74,"column":14},"end":{"line":74,"column":26}}},"15":{"name":"(anonymous_15)","line":77,"loc":{"start":{"line":77,"column":11},"end":{"line":77,"column":23}}},"16":{"name":"(anonymous_16)","line":79,"loc":{"start":{"line":79,"column":32},"end":{"line":79,"column":54}}},"17":{"name":"(anonymous_17)","line":86,"loc":{"start":{"line":86,"column":16},"end":{"line":86,"column":28}}},"18":{"name":"(anonymous_18)","line":91,"loc":{"start":{"line":91,"column":15},"end":{"line":91,"column":27}}},"19":{"name":"(anonymous_19)","line":97,"loc":{"start":{"line":97,"column":13},"end":{"line":97,"column":28}}}},"statementMap":{"1":{"start":{"line":2,"column":0},"end":{"line":2,"column":27}},"2":{"start":{"line":5,"column":0},"end":{"line":5,"column":29}},"3":{"start":{"line":6,"column":0},"end":{"line":6,"column":27}},"4":{"start":{"line":9,"column":0},"end":{"line":9,"column":33}},"5":{"start":{"line":10,"column":0},"end":{"line":10,"column":31}},"6":{"start":{"line":11,"column":0},"end":{"line":11,"column":35}},"7":{"start":{"line":14,"column":0},"end":{"line":14,"column":28}},"8":{"start":{"line":17,"column":0},"end":{"line":20,"column":1}},"9":{"start":{"line":18,"column":2},"end":{"line":18,"column":21}},"10":{"start":{"line":19,"column":2},"end":{"line":19,"column":19}},"11":{"start":{"line":23,"column":0},"end":{"line":25,"column":2}},"12":{"start":{"line":24,"column":2},"end":{"line":24,"column":39}},"13":{"start":{"line":28,"column":0},"end":{"line":102,"column":2}},"14":{"start":{"line":30,"column":4},"end":{"line":35,"column":5}},"15":{"start":{"line":31,"column":6},"end":{"line":34,"column":9}},"16":{"start":{"line":32,"column":8},"end":{"line":32,"column":70}},"17":{"start":{"line":33,"column":8},"end":{"line":33,"column":26}},"18":{"start":{"line":36,"column":4},"end":{"line":36,"column":22}},"19":{"start":{"line":39,"column":4},"end":{"line":44,"column":5}},"20":{"start":{"line":40,"column":6},"end":{"line":43,"column":9}},"21":{"start":{"line":41,"column":8},"end":{"line":41,"column":98}},"22":{"start":{"line":42,"column":8},"end":{"line":42,"column":26}},"23":{"start":{"line":45,"column":4},"end":{"line":45,"column":22}},"24":{"start":{"line":49,"column":4},"end":{"line":49,"column":67}},"25":{"start":{"line":50,"column":4},"end":{"line":50,"column":45}},"26":{"start":{"line":51,"column":4},"end":{"line":51,"column":37}},"27":{"start":{"line":52,"column":4},"end":{"line":52,"column":44}},"28":{"start":{"line":55,"column":4},"end":{"line":55,"column":48}},"29":{"start":{"line":58,"column":4},"end":{"line":58,"column":48}},"30":{"start":{"line":59,"column":4},"end":{"line":59,"column":54}},"31":{"start":{"line":62,"column":4},"end":{"line":62,"column":94}},"32":{"start":{"line":65,"column":4},"end":{"line":65,"column":63}},"33":{"start":{"line":66,"column":4},"end":{"line":66,"column":44}},"34":{"start":{"line":69,"column":4},"end":{"line":69,"column":56}},"35":{"start":{"line":72,"column":4},"end":{"line":72,"column":60}},"36":{"start":{"line":75,"column":4},"end":{"line":75,"column":40}},"37":{"start":{"line":78,"column":4},"end":{"line":83,"column":5}},"38":{"start":{"line":79,"column":6},"end":{"line":82,"column":9}},"39":{"start":{"line":80,"column":8},"end":{"line":80,"column":131}},"40":{"start":{"line":81,"column":8},"end":{"line":81,"column":26}},"41":{"start":{"line":84,"column":4},"end":{"line":84,"column":22}},"42":{"start":{"line":87,"column":4},"end":{"line":87,"column":83}},"43":{"start":{"line":88,"column":4},"end":{"line":88,"column":64}},"44":{"start":{"line":89,"column":4},"end":{"line":89,"column":22}},"45":{"start":{"line":92,"column":4},"end":{"line":100,"column":20}},"46":{"start":{"line":98,"column":8},"end":{"line":98,"column":85}},"47":{"start":{"line":99,"column":8},"end":{"line":99,"column":27}}},"branchMap":{"1":{"line":30,"type":"if","locations":[{"start":{"line":30,"column":4},"end":{"line":30,"column":4}},{"start":{"line":30,"column":4},"end":{"line":30,"column":4}}]},"2":{"line":39,"type":"if","locations":[{"start":{"line":39,"column":4},"end":{"line":39,"column":4}},{"start":{"line":39,"column":4},"end":{"line":39,"column":4}}]},"3":{"line":39,"type":"binary-expr","locations":[{"start":{"line":39,"column":8},"end":{"line":39,"column":24}},{"start":{"line":39,"column":28},"end":{"line":39,"column":45}}]},"4":{"line":49,"type":"cond-expr","locations":[{"start":{"line":49,"column":51},"end":{"line":49,"column":57}},{"start":{"line":49,"column":60},"end":{"line":49,"column":66}}]},"5":{"line":66,"type":"cond-expr","locations":[{"start":{"line":66,"column":33},"end":{"line":66,"column":35}},{"start":{"line":66,"column":38},"end":{"line":66,"column":43}}]},"6":{"line":78,"type":"if","locations":[{"start":{"line":78,"column":4},"end":{"line":78,"column":4}},{"start":{"line":78,"column":4},"end":{"line":78,"column":4}}]}},"code":["// node modules","var path = require('path');","","// 3rd party modules","var chalk = require('chalk');","var when = require('when');","","// modules","var bundle = require('./bundle');","var cache = require('./cache');","var resolve = require('./resolve');","","// public","module.exports = Dependency;","","// implementation","function Dependency(name, graph) {","  this.graph = graph;","  this.name = name;","}","","// statics","Dependency.setConfig = function (config) {","  Dependency.prototype.config = config;","};","","// shared","Dependency.prototype = {","  bundle: function () {","    if (!this.isBundled()) {","      return bundle(this).then(function (dependency) {","        console.info(chalk.green('+ %s'), dependency.getBundleName());","        return dependency;","      });","    }","    return when(this);","  },","  cache: function () {","    if (!this.isCached() && !this.isBundled()) {","      return cache(this).then(function (dependency) {","        console.info(chalk.yellow('↓ %s from %s'), dependency.getId(), dependency.graph.resolved);","        return dependency;","      });","    }","    return when(this);","  },","  config: null,","  getBundleName: function () {","    var extensio
[...]
n onFail(err) {","  displayFailure(err);","}",""],"l":{"2":1,"3":1,"4":1,"5":1,"8":1,"13":1,"14":1,"20":1,"21":2}},"/home/travis/build/npmtest/node-npmtest-shrinkpack/node_modules/shrinkpack/src/update/index.js":{"path":"/home/travis/build/npmtest/node-npmtest-shrinkpack/node_modules/shrinkpack/src/update/index.js","s":{"1":1,"2":1,"3":1,"4":1,"5":1,"6":1,"7":0,"8":0,"9":0},"b":{},"f":{"1":0,"2":0,"3":0},"fnMap":{"1":{"name":"update","line":13,"loc":{"start":{"line":13,"column":0},"end":{"line":13,"column":24}}},"2":{"name":"(anonymous_2)","line":17,"loc":{"start":{"line":17,"column":9},"end":{"line":17,"column":21}}},"3":{"name":"(anonymous_3)","line":19,"loc":{"start":{"line":19,"column":10},"end":{"line":19,"column":22}}}},"statementMap":{"1":{"start":{"line":2,"column":0},"end":{"line":2,"column":27}},"2":{"start":{"line":5,"column":0},"end":{"line":5,"column":61}},"3":{"start":{"line":6,"column":0},"end":{"line":6,"column":71}},"4":{"start":{"line":7,"column":0},"end":{"line":7,"column":46}},"5":{"start":{"line":10,"column":0},"end":{"line":10,"column":24}},"6":{"start":{"line":13,"column":0},"end":{"line":22,"column":1}},"7":{"start":{"line":14,"column":2},"end":{"line":21,"column":5}},"8":{"start":{"line":18,"column":4},"end":{"line":18,"column":32}},"9":{"start":{"line":20,"column":4},"end":{"line":20,"column":18}}},"branchMap":{},"code":["// 3rd party modules","var when = require('when');","","// modules","var addUsedDependencies = require('./add-used-dependencies');","var deleteUnusedDependencies = require('./delete-unused-dependencies');","var rewriteGraph = require('./rewrite-graph');","","// public","module.exports = update;","","// implementation","function update(config) {","  return when.join(","    addUsedDependencies(config),","    deleteUnusedDependencies(config)","  ).then(function () {","    return rewriteGraph(config);","  }).then(function () {","    return config;","  });","}",""],"l":{"2":1,"5":1,"6":1,"7":1,"10":1,"13":1,"14":0,"18":0,"20":0}},"/home/travis/build/npmtest/node-npmtest-shrinkpack/node_modules/shrinkpack/src/update/add-used-dependencies.js":{"path":"/home/travis/build/npmtest/node-npmtest-shrinkpack/node_modules/shrinkpack/src/update/add-used-dependencies.js","s":{"1":1,"2":1,"3":1,"4":0,"5":0},"b":{},"f":{"1":0,"2":0},"fnMap":{"1":{"name":"addUsedDependencies","line":8,"loc":{"start":{"line":8,"column":0},"end":{"line":8,"column":37}}},"2":{"name":"(anonymous_2)","line":10,"loc":{"start":{"line":10,"column":20},"end":{"line":10,"column":42}}}},"statementMap":{"1":{"start":{"line":2,"column":0},"end":{"line":2,"column":27}},"2":{"start":{"line":5,"column":0},"end":{"line":5,"column":37}},"3":{"start":{"line":8,"column":0},"end":{"line":14,"column":1}},"4":{"start":{"line":9,"column":2},"end":{"line":13,"column":4}},"5":{"start":{"line":11,"column":6},"end":{"line":11,"column":38}}},"branchMap":{},"code":["// 3rd party modules","var when = require('when');","","// public","module.exports = addUsedDependencies;","","// implementation","function addUsedDependencies(config) {","  return when.all(","    config.deps.map(function (dependency) {","      return dependency.synchronise();","    })","  );","}",""],"l":{"2":1,"5":1,"8":1,"9":0,"11":0}},"/home/travis/build/npmtest/node-npmtest-shrinkpack/node_modules/shrinkpack/src/update/delete-unused-dependencies.js":{"path":"/home/travis/build/npmtest/node-npmtest-shrinkpack/node_modules/shrinkpack/src/update/delete-unused-dependencies.js","s":{"1":1,"2":1,"3":1,"4":1,"5":1,"6":0,"7":0,"8":0,"9":0,"10":1,"11":0,"12":1,"13":0},"b":{},"f":{"1":0,"2":0,"3":0},"fnMap":{"1":{"name":"deleteUnusedDependencies","line":12,"loc":{"start":{"line":12,"column":0},"end":{"line":12,"column":42}}},"2":{"name":"performDeletion","line":19,"loc":{"start":{"line":19,"column":2},"end":{"line":19,"column":37}}},"3":{"name":"onSuccess","line":24,"loc":{"start":{"line":24,"column":2},"end":{"line":24,"column":31}}}},"statementMap":{"1":{"start":{"line":2,"column":0},"end":{"line":2,"column":29}},"2":{"start":{"line":3,"column":0},"end":{"line":3,"column":27}},"3":{"start":{"line":6,"column":0},"end":{"line":6,"column":47}},"4":{"start":{"line":9,"column":0},"end":{"line":9,"column":42}},"5":{"start":{"line":12,"column":0},"end":{"line":27,"column":1}},"6":{"start":{"line":13,"column":2},"end":{"line":13,"column":21}},"7":{"start":{"line":14,"column":2},"end":{"line":16,"column":3}},"8":{"start":{"line":15,"column":4},"end":{"line":15,"column":46}},"9":{"start":{"line":17,"column":2},"end":{"line":17,"column":29}},"10":{"start":{"line":19,"column":2},"end":{"line":22,"column":3}},"11":{"start":{"line":20,"column":4},"end":{"line":21,"column":23}},"12":{"start":{"line":24,"column":2},"end":{"line":26,"column":3}},"13":{"start":{"line":25,"column":4},"end":{"line":25,"column":66}}},"branchMap":{},"code":["// 3rd party modules","var chalk = require('chalk');","var when = require('when');","","// modules","var deleteFile = require('../lib/delete-file');","","// public","module.exports = deleteUnusedDependencies;","","// implementation","function deleteUnusedDependencies(config) {","  var deletions = [];","  for (var location in config.unusedDependencies) { // eslint-disable-line guard-for-in","    deletions.push(performDeletion(location));","  }","  return when.all(deletions);","","  function performDeletion(location) {","    return deleteFile(location)","      .then(onSuccess);","  }","","  function onSuccess(location) {","    console.info(chalk.red('- %s'), location.replace(/.+\\//, ''));","  }","}",""],"l":{"2":1,"3":1,"6":1,"9":1,"12":1,"13":0,"14":0,"15":0,"17":0,"19":1,"20":0,"24":1,"25":0}},"/home/travis/build/npmtest/node-npmtest-shrinkpack/node_modules/shrinkpack/src/lib/delete-file.js":{"path":"/home/travis/build/npmtest/node-npmtest-shrinkpack/node_modules/shrinkpack/src/lib/delete-file.js","s":{"1":1,"2":1,"3":1,"4":0,"5":1,"6":0,"7":1,"8":0},"b":{},"f":{"1":0,"2":0,"3":0},"fnMap":{"1":{"name":"deleteFile","line":8,"loc":{"start":{"line":8,"column":0},"end":{"line":8,"column":30}}},"2":{"name":"onSuccess","line":12,"loc":{"start":{"line":12,"column":2},"end":{"line":12,"column":23}}},"3":{"name":"onError","line":16,"loc":{"start":{"line":16,"column":2},"end":{"line":16,"column":21}}}},"statementMap":{"1":{"start":{"line":2,"column":0},"end":{"line":2,"column":25}},"2":{"start":{"line":5,"column":0},"end":{"line":5,"column":28}},"3":{"start":{"line":8,"column":0},"end":{"line":19,"column":1}},"4":{"start":{"line":9,"column":2},"end":{"line":10,"column":30}},"5":{"start":{"line":12,"column":2},"end":{"line":14,"column":3}},"6":{"start":{"line":13,"column":4},"end":{"line":13,"column":20}},"7":{"start":{"line":16,"column":2},"end":{"line":18,"column":3}},"8":{"start":{"line":17,"column":4},"end":{"line":17,"column":54}}},"branchMap":{},"code":["// modules","var fs = require('./fs');","","// public","module.exports = deleteFile;","","// implementation","function deleteFile(location) {","  return fs.unlink(location)","    .then(onSuccess, onError);","","  function onSuccess() {","    return location;","  }","","  function onError() {","    throw new Error('! failed to delete ' + location);","  }","}",""],"l":{"2":1,"5":1,"8":1,"9":0,"12":1,"13":0,"16":1,"17":0}},"/home/travis/build/npmtest/node-npmtest-shrinkpack/node_modules/shrinkpack/src/update/rewrite-graph.js":{"path":"/home/travis/build/npmtest/node-npmtest-shrinkpack/node_modules/shrinkpack/src/update/rewrite-graph.js","s":{"1":1,"2":1,"3":1,"4":1,"5":0,"6":0,"7":1,"8":0,"9":1,"10":0},"b":{},"f":{"1":0,"2":0,"3":0},"fnMap":{"1":{"name":"getGraph","line":11,"loc":{"start":{"line":11,"column":0},"end":{"line":11,"column":26}}},"2":{"name":"onSuccess","line":16,"loc":{"start":{"line":16,"column":2},"end":{"line":16,"column":23}}},"3":{"name":"onError","line":20,"loc":{"start":{"line":20,"column":2},"end":{"line":20,"column":21}}}},"statementMap":{"1":{"start":{"line":2,"column":0},"end":{"line":2,"column":29}},"2":{"start":{"line":5,"column":0},"end":{"line":5,"column":30}},"3":{"start":{"line":8,"column":0},"end":{"line":8,"column":26}},"4":{"start":{"line":11,"column":0},"end":{"line":23,"column":1}},"5":{"start":{"line":12,"column":2},"end":{"line":12,"column":62}},"6":{"start":{"line":13,"column":2},"end":{"line":14,"column":30}},"7":{"start":{"line":16,"column":2},"end":{"line":18,"column":3}},"8":{"start":{"line":17,"column":4},"end":{"line":17,"column":29}},"9":{"start":{"line":20,"column":2},"end":{"line":22,"column":3}},"10":{"start":{"line":21,"column":4},"end":{"line":21,"column":64}}},"branchMap":{},"code":["// 3rd party modules","var chalk = require('chalk');","","// modules","var fs = require('../lib/fs');","","// public","module.exports = getGraph;","","// implementation","function getGraph(config) {","  console.log(chalk.blue('i rewriting ' + config.path.graph));","  return fs.writeFile(config.path.graph, JSON.stringify(config.graph, null, 2), {encoding: 'utf8'})","    .then(onSuccess, onError);","","  function onSuccess() {","    return config.path.graph;","  }","","  function onError() {","    throw new Error('! failed to write to npm-shrinkwrap.json');","  }","}",""],"l":{"2":1,"5":1,"8":1,"11":1,"12":0,"13":0,"16":1,"17":0,"20":1,"21":0}},"/home/travis/build/npmtest/node-npmtest-shrinkpack/node_modules/shrinkpack/src/cli/display-failure.js":{"path":"/home/travis/build/npmtest/node-npmtest-shrinkpack/node_modules/shrinkpack/src/cli/display-failure.js","s":{"1":1,"2":1,"3":1,"4":2,"5":2},"b":{},"f":{"1":2},"fnMap":{"1":{"name":"displayFailure","line":8,"loc":{"start":{"line":8,"column":0},"end":{"line":8,"column":29}}}},"statementMap":{"1":{"start":{"line":2,"column":0},"end":{"line":2,"column":29}},"2":{"start":{"line":5,"column":0},"end":{"line":5,"column":32}},"3":{"start":{"line":8,"column":0},"end":{"line":15,"column":1}},"4":{"start":{"line":9,"column":2},"end":{"line":13,"column":4}},"5":{"start":{"line":14,"column":2},"end":{"line":14,"column":18}}},"branchMap":{},"code":["// 3rd party modules","var chalk = require('chalk');","","// public","module.exports = displayFailure;","","// implementation","function displayFailure(err) {","  console.error(","    chalk.red('! Please raise an issue at %s\\n\\n%s'),","    chalk.underline('https://github.com/JamieMason/shrinkpack/issues'),","    String(err.stack).replace(/^/gm, '    ')","  );","  process.exit(1); // eslint-disable-line unicorn/no-process-exit","}",""],"l":{"2":1,"5":1,"8":1,"9":2,"14":2}},"/home/travis/build/npmtest/node-npmtest-shrinkpack/node_modules/shrinkpack/src/cli/display-summary.js":{"path":"/home/travis/build/npmtest/node-npmtest-shrinkpack/node_modules/shrinkpack/src/cli/display-summary.js","s":{"1":1,"2":1,"3":1,"4":1,"5":1},"b":{},"f":{"1":1},"fnMap":{"1":{"name":"displaySummary","line":11,"loc":{"start":{"line":11,"column":0},"end":{"line":11,"column":32}}}},"statementMap":{"1":{"start":{"line":2,"column":0},"end":{"line":2,"column":29}},"2":{"start":{"line":5,"column":0},"end":{"line":5,"column":56}},"3":{"start":{"line":8,"column":0},"end":{"line":8,"column":32}},"4":{"start":{"line":11,"column":0},"end":{"line":21,"column":1}},"5":{"start":{"line":12,"column":2},"end":{"line":20,"column":15}}},"branchMap":{},"code":["// 3rd party modules","var chalk = require('chalk');","","// modules","var getTimeBetween = require('../lib/get-time-between');","","// public","module.exports = displaySummary;","","// implementation","function displaySummary(config) {","  console.info([","    'shrinkpack',","    chalk.green('+' + config.stats.unbundled.total),","    chalk.red('-' + config.stats.bundled.unused),","    chalk.yellow('↓' + config.stats.unbundled.uncached),","    chalk.magenta('→' + config.stats.unbundled.cached),","    chalk.green('✓' + config.stats.unbundled.unresolved),","    chalk.grey(getTimeBetween(config.startTime, new Date()))","  ].join(' '));","}",""],"l":{"2":1,"5":1,"8":1,"11":1,"12":1}},"/home/travis/build/npmtest/node-npmtest-shrinkpack/node_modules/shrinkpack/src/lib/get-time-between.js":{"path":"/home/travis/build/npmtest/node-npmtest-shrinkpack/node_modules/shrinkpack/src/lib/get-time-between.js","s":{"1":1,"2":1,"3":0,"4":1,"5":0,"6":0,"7":0,"8":1,"9":0,"10":1,"11":0,"12":1,"13":0,"14":0},"b":{"1":[0,0],"2":[0,0],"3":[0,0]},"f":{"1":0,"2":0,"3":0,"4":0,"5":0},"fnMap":{"1":{"name":"getTimeBetween","line":5,"loc":{"start":{"line":5,"column":0},"end":{"line":5,"column":42}}},"2":{"name":"msToTime","line":9,"loc":{"start":{"line":9,"column":0},"end":{"line":9,"column":22}}},"3":{"name":"msToMins","line":15,"loc":{"start":{"line":15,"column":0},"end":{"line":15,"column":22}}},"4":{"name":"msToSecs","line":19,"loc":{"start":{"line":19,"column":0},"end":{"line":19,"column":22}}},"5":{"name":"pad","line":23,"loc":{"start":{"line":23,"column":0},"end":{"line":23,"column":20}}}},"statementMap":{"1":{"start":{"line":2,"column":0},"end":{"line":2,"column":32}},"2":{"start":{"line":5,"column":0},"end":{"line":7,"column":1}},"3":{"start":{"line":6,"column":2},"end":{"line":6,"column":57}},"4":{"start":{"line":9,"column":0},"end":{"line":13,"column":1}},"5":{"start":{"line":10,"column":2},"end":{"line":10,"column":26}},"6":{"start":{"line":11,"column":2},"end":{"line":11,"column":26}},"7":{"start":{"line":12,"column":2},"end":{"line":12,"column":37}},"8":{"start":{"line":15,"column":0},"end":{"line":17,"column":1}},"9":{"start":{"line":16,"column":2},"end":{"line":16,"column":47}},"10":{"start":{"line":19,"column":0},"end":{"line":21,"column":1}},"11":{"start":{"line":20,"column":2},"end":{"line":20,"column":47}},"12":{"start":{"line":23,"column":0},"end":{"line":26,"column":1}},"13":{"start":{"line":24,"column":2},"end":{"line":24,"column":32}},"14":{"start":{"line":25,"column":2},"end":{"line":25,"column":42}}},"branchMap":{"1":{"line":16,"type":"cond-expr","locations":[{"start":{"line":16,"column":25},"end":{"line":16,"column":41}},{"start":{"line":16,"column":44},"end":{"line":16,"column":45}}]},"2":{"line":20,"type":"cond-expr","locations":[{"start":{"line":20,"column":25},"end":{"line":20,"column":41}},{"start":{"line":20,"column":44},"end":{"line":20,"column":45}}]},"3":{"line":25,"type":"cond-expr","locations":[{"start":{"line":25,"column":22},"end":{"line":25,"column":33}},{"start":{"line":25,"column":36},"end":{"line":25,"column":41}}]}},"code":["// public","module.exports = getTimeBetween;","","// implementation","function getTimeBetween(dateFrom, dateTo) {","  return msToTime(dateTo.getTime() - dateFrom.getTime());","}","","function msToTime(ms) {","  var mins = msToMins(ms);","  var secs = msToSecs(ms);","  return pad(mins) + ':' + pad(secs);","}","","function msToMins(ms) {","  return Math.floor(ms ? (ms / 1000) / 60 : 0);","}","","function msToSecs(ms) {","  return Math.floor(ms ? (ms / 1000) % 60 : 0);","}","","function pad(value) {","  var whole = Math.floor(value);","  return whole < 10 ? '0' + whole : whole;","}",""],"l":{"2":1,"5":1,"6":0,"9":1,"10":0,"11":0,"12":0,"15":1,"16":0,"19":1,"20":0,"23":1,"24":0,"25":0}},"/home/travis/build/npmtest/node-npmtest-shrinkpack/node_modules/shrinkpack/cli.js":{"path":"/home/travis/build/npmtest/node-npmtest-shrinkpack/node_modules/shrinkpack/cli.js","s":{"1":1,"2":1,"3":1,"4":1,"5":1,"6":1,"7":1,"8":0,"9":1,"10":1,"11":1,"12":1,"13":0,"14":0,"15":0,"16":0,"17":0,"18":0,"19":0,"20":0,"21":0,"22":0,"23":0,"24":0,"25":0,"26":0,"27":0,"28":0,"29":0,"30":1,"31":0},"b":{},"f":{"1":0,"2":0,"3":0},"fnMap":{"1":{"name":"(anonymous_1)","line":22,"loc":{"start":{"line":22,"column":10},"end":{"line":22,"column":31}}},"2":{"name":"onHelp","line":35,"loc":{"start":{"line":35,"column":0},"end":{"line":35,"column":18}}},"3":{"name":"logIcon","line":54,"loc":{"start":{"line":54,"column":2},"end":{"line":54,"column":40}}}},"statementMap":{"1":{"start":{"line":4,"column":0},"end":{"line":4,"column":27}},"2":{"start":{"line":7,"column":0},"end":{"line":7,"column":29}},"3":{"start":{"line":8,"column":0},"end":{"line":8,"column":35}},"4":{"start":{"line":11,"column":0},"end":{"line":11,"column":31}},"5":{"start":{"line":12,"column":0},"end":{"line":12,"column":48}},"6":{"start":{"line":15,"column":0},"end":{"line":15,"column":35}},"7":{"start":{"line":17,"column":0},"end":{"line":24,"column":5}},"8":{"start":{"line":23,"column":4},"end":{"line":23,"column":45}},"9":{"start":{"line":26,"column":0},"end":{"line":26,"column":29}},"10":{"start":{"line":27,"column":0},"end":{"line":27,"column":28}},"11":{"start":{"line":29,"column":0},"end":{"line":33,"column":3}},"12":{"start":{"line":35,"column":0},"end":{"line":57,"column":1}},"13":{"start":{"line":36,"column":2},"end":{"line":36,"column":26}},"14":{"start":{"line":37,"column":2},"end":{"line":37,"column":18}},"15":{"start":{"line":38,"column":2},"end":{"line":38,"column":37}},"16":{"start":{"line":39,"column":2},"end":{"line":39,"column":43}},"17":{"start":{"line":40,"column":2},"end":{"line":40,"column":53}},"18":{"start":{"line":41,"column":2},"end":{"line":41,"column":42}},"19":{"start":{"line":42,"column":2},"end":{"line":42,"column":37}},"20":{"start":{"line":43,"column":2},"end":{"line":43,"column":40}},"21":{"start":{"line":44,"column":2},"end":{"line":44,"column":45}},"22":{"start":{"line":45,"column":2},"end":{"line":45,"column":18}},"23":{"start":{"line":46,"column":2},"end":{"line":46,"column":32}},"24":{"start":{"line":47,"column":2},"end":{"line":47,"column":18}},"25":{"start":{"line":48,"column":2},"end":{"line":48,"column":98}},"26":{"start":{"line":49,"column":2},"end":{"line":49,"column":95}},"27":{"start":{"line":50,"column":2},"end":{"line":50,"column":97}},"28":{"start":{"line":51,"column":2},"end":{"line":51,"column":96}},"29":{"start":{"line":52,"column":2},"end":{"line":52,"column":44}},"30":{"start":{"line":54,"column":2},"end":{"line":56,"column":3}},"31":{"start":{"line":55,"column":4},"end":{"line":55,"column":53}}},"branchMap":{},"code":["//#!/usr/bin/env node","","// node modules","var path = require('path');","","// 3rd party modules","var chalk = require('chalk');","var program = require('commander');","","// modules","var cli = require('./src/cli');","var version = require('./package.json').version;","","// implementation","var directoryValue = process.cwd();","","program","  .version(version)","  .option('-c, --compress', 'use compressed .tgz tarballs instead of .tar')","  .option('-o, --keep-optional', 'do not exclude optional dependencies')","  .arguments('[directory]')","  .action(function (directory) {","    directoryValue = path.resolve(directory);","  });","","program.on('--help', onHelp);","program.parse(process.argv);","","cli.run({","  compress: program.compress === true,","  directory: directoryValue,","  keepOptional: program.keepOptional === true","});","","function onHelp() {","  console.log('  Icons:');","  console.log('');","  logIcon(chalk.green, '+', 'Added');","  logIcon(chalk.yellow, '↓', 'Downloaded');","  logIcon(chalk.magenta, '→', 'Imported from Cache');","  logIcon(chalk.blue, 'i', 'Information');","  logIcon(chalk.red, '-', 'Removed');","  logIcon(chalk.green, '✓', 'Resolved');","  logIcon(chalk.grey, '12:34', 'Time Taken');","  console.log('');","  console.log('  Compression:');","  console.log('');","  console.log('    Although compressed .tgz files have lower filesizes, storing binary files in');","  console.log('    Git can result in a gradual increase in the time it takes to push to your');","  console.log('    repository. Shrinkpack uses uncompressed, plain text .tar files by default,');","  console.log('    which are handled optimally by Git in the same way that .md, .js, and .css');","  console.log('    files are for example.');","","  function logIcon(colour, icon, label) {","    console.log('    ' + colour(icon) + ' ' + label);","  }","}",""],"l":{"4":1,"7":1,"8":1,"11":1,"12":1,"15":1,"17":1,"23":0,"26":1,"27":1,"29":1,"35":1,"36":0,"37":0,"38":0,"39":0,"40":0,"41":0,"42":0,"43":0,"44":0,"45":0,"46":0,"47":0,"48":0,"49":0,"50":0,"51":0,"52":0,"54":1,"55":0}}}